C51 COMPILER V9.56.0.0   MAIN                                                              09/11/2017 14:38:12 PAGE 1   


C51 COMPILER V9.56.0.0, COMPILATION OF MODULE MAIN
OBJECT MODULE PLACED IN main.OBJ
COMPILER INVOKED BY: C:\Keil_v5\C51\BIN\C51.EXE main.c OPTIMIZE(8,SPEED) BROWSE DEBUG OBJECTEXTEND TABS(2)

line level    source

   1          #include "reg51.h"
   2          
   3          #define CLKSEL  (*(unsigned char volatile xdata *)0xFE00)
   4          
   5          sfr P_SW2=0xba;
   6          
   7          void main()
   8          {
   9   1        P_SW2=0x80;
  10   1        CLKSEL=0xE0;
  11   1        P_SW2=0x00;
  12   1        while(1);
  13   1      }


MODULE INFORMATION:   STATIC OVERLAYABLE
   CODE SIZE        =     14    ----
   CONSTANT SIZE    =   ----    ----
   XDATA SIZE       =   ----    ----
   PDATA SIZE       =   ----    ----
   DATA SIZE        =   ----    ----
   IDATA SIZE       =   ----    ----
   BIT SIZE         =   ----    ----
END OF MODULE INFORMATION.


C51 COMPILATION COMPLETE.  0 WARNING(S),  0 ERROR(S)
