C51 COMPILER V9.56.0.0   MAIN                                                              10/05/2017 17:53:02 PAGE 1   


C51 COMPILER V9.56.0.0, COMPILATION OF MODULE MAIN
OBJECT MODULE PLACED IN main.OBJ
COMPILER INVOKED BY: C:\Keil_v5\C51\BIN\C51.EXE main.c OPTIMIZE(8,SPEED) BROWSE DEBUG OBJECTEXTEND TABS(2)

line level    source

   1          #include "led1602.h"
   2          
   3          bit flag=1;
   4          float voltage=0;
   5          unsigned char tstr[5];
   6          void adc_int() interrupt 5
   7          {
   8   1        ADC_CONTR &=~0x20;
   9   1        voltage=get_voltage_value();
  10   1        sprintf(tstr,"%1.4f",voltage);
  11   1        flag=1;
  12   1        adc_start();
  13   1      }
  14          
  15          void main()
  16          {
  17   1        set_P0_mode(0x00,0x00);
  18   1        set_P2_mode(0x00,0x00);
  19   1        clear_adc_result();
  20   1        set_adc_result_format(1);
  21   1        set_adc_conv_speed(0xf);
  22   1        EN_ADC_INT;
  23   1        EN_GOL_INT;
  24   1        lcdwait();
  25   1        lcdinit();
  26   1        adc_power_on();
  27   1        delay();
  28   1        set_adc_channel(1);
  29   1        adc_start();
  30   1        lcdshowstr(0,0,"Measured Voltage is");
  31   1        lcdshowstr(6,1,"V");
  32   1        while(1)
  33   1          { 
  34   2            if(flag==1)
  35   2            {
  36   3              flag=0;
  37   3              lcdshowstr(0,1,tstr);
  38   3            }
  39   2          }
  40   1      }


MODULE INFORMATION:   STATIC OVERLAYABLE
   CODE SIZE        =    195    ----
   CONSTANT SIZE    =     28    ----
   XDATA SIZE       =   ----    ----
   PDATA SIZE       =   ----    ----
   DATA SIZE        =      9    ----
   IDATA SIZE       =   ----    ----
   BIT SIZE         =      1    ----
END OF MODULE INFORMATION.


C51 COMPILATION COMPLETE.  0 WARNING(S),  0 ERROR(S)
