C51 COMPILER V9.56.0.0   MAIN                                                              09/10/2017 22:00:31 PAGE 1   


C51 COMPILER V9.56.0.0, COMPILATION OF MODULE MAIN
OBJECT MODULE PLACED IN main.OBJ
COMPILER INVOKED BY: C:\Keil_v5\C51\BIN\C51.EXE main.c OPTIMIZE(8,SPEED) BROWSE DEBUG OBJECTEXTEND TABS(2)

line level    source

   1          #include "reg51.h"
   2          
   3          sfr P6=0xE8;
   4          int i=0xFF;
   5          
   6          servivce_int0() interrupt 0
   7          {
   8   1         i--;
   9   1         P6=i;
  10   1      }
  11          
  12          servivce_int1() interrupt 2
  13          {
  14   1         i++;
  15   1         P6=i;
  16   1      }
  17          
  18          void main()
  19          {
  20   1        IT0=1;
  21   1        EX0=1;
  22   1        IT1=1;
  23   1        EX1=1;
  24   1        EA=1;
  25   1        P6=0xFF;
  26   1        while(1);
  27   1      }


MODULE INFORMATION:   STATIC OVERLAYABLE
   CODE SIZE        =     46    ----
   CONSTANT SIZE    =   ----    ----
   XDATA SIZE       =   ----    ----
   PDATA SIZE       =   ----    ----
   DATA SIZE        =      2    ----
   IDATA SIZE       =   ----    ----
   BIT SIZE         =   ----    ----
END OF MODULE INFORMATION.


C51 COMPILATION COMPLETE.  0 WARNING(S),  0 ERROR(S)
