C51 COMPILER V9.56.0.0   12864                                                             10/05/2017 23:03:51 PAGE 1   


C51 COMPILER V9.56.0.0, COMPILATION OF MODULE 12864
OBJECT MODULE PLACED IN 12864.OBJ
COMPILER INVOKED BY: C:\Keil_v5\C51\BIN\C51.EXE 12864.c OPTIMIZE(8,SPEED) BROWSE DEBUG OBJECTEXTEND TABS(2)

line level    source

   1          #include "12864.h"
   2          
   3          void set_P0_drive_mode(u8 a,u8 b)
   4          {
   5   1        P0M0=a;
   6   1        P0M1=b;
   7   1      }
   8          
   9          void set_P2_drive_mode(u8 a,u8 b)
  10          {
  11   1        P2M0=a;
  12   1        P2M1=b;
  13   1      }
  14          
  15          void clear_adc_result(void)
  16          {
  17   1        ADC_RES=0x00;
  18   1        ADC_RESL=0x00;
  19   1      }
  20          
  21          void adc_power_on(void)
  22          {
  23   1         ADC_CONTR=0x80;
  24   1      }
  25          
  26          void adc_start(void)
  27          {
  28   1        ADC_CONTR|=0x40;
  29   1      }
  30          
  31          void delay(void)
  32          {
  33   1         _nop_();
  34   1         _nop_();
  35   1         _nop_();
  36   1         _nop_();
  37   1         _nop_();
  38   1         _nop_();
  39   1      }
  40          
  41          void set_adc_channel(u8 ch)
  42          {
  43   1          ADC_CONTR|=(ch & 0x0f);
  44   1      }
  45          
  46          void set_adc_result_format(u8 a)
  47          {
  48   1         if(a==0)
  49   1            ADCCFG &=0xDF;
  50   1         else
  51   1            ADCCFG |=0x20;
  52   1      }
  53          void set_adc_conv_speed(u8 a)
  54          {
  55   1         ADCCFG |=(a &0xf);
C51 COMPILER V9.56.0.0   12864                                                             10/05/2017 23:03:51 PAGE 2   

  56   1      }
  57          
  58          
  59          void lcdwait()
  60          {
  61   1        LCD12864_DB=0xFF;
  62   1        delay();
  63   1        LCD12864_RS=0;
  64   1        LCD12864_RW=1;
  65   1        LCD12864_E=1;
  66   1        while(LCD12864_DB & 0x80);
  67   1        LCD12864_E=0;
  68   1        delay();
  69   1      }
  70          
  71          void lcdwritecmd(unsigned char cmd)
  72          {
  73   1        lcdwait();
  74   1        delay();
  75   1        LCD12864_RS=0;
  76   1        LCD12864_RW=0;
  77   1        LCD12864_DB=cmd;
  78   1        LCD12864_E=1;
  79   1        delay();
  80   1        LCD12864_E=0;
  81   1      }
  82          
  83          void lcdwritedata(unsigned char dat)
  84          {
  85   1        lcdwait();
  86   1        delay();
  87   1        LCD12864_RS=1;
  88   1        LCD12864_RW=0;
  89   1        LCD12864_DB=dat;
  90   1        LCD12864_E=1;
  91   1        delay();
  92   1        LCD12864_E=0;
  93   1      }
  94          
  95          void lcdinit()
  96          {
  97   1        lcdwritecmd(0x38);
  98   1        lcdwritecmd(0x06);
  99   1        lcdwritecmd(0x01);
 100   1        lcdwritecmd(0x0c);  
 101   1      }
 102          
 103          void lcdsetcursor(unsigned char x, unsigned char y)
 104          {
 105   1        unsigned char address;
 106   1        if(y==0)
 107   1          address=0x80+x;
 108   1        else if(y==1)
 109   1          address=0x90+x;
 110   1        else if(y==2)
 111   1          address=0x88+x;
 112   1        else
 113   1          address=0x98+x;
 114   1        lcdwritecmd(address|0x80);
 115   1      }
 116          
 117          void lcdshowstr(unsigned char x, unsigned char y,
C51 COMPILER V9.56.0.0   12864                                                             10/05/2017 23:03:51 PAGE 3   

 118                          unsigned char *str)
 119          {
 120   1        lcdsetcursor(x,y);
 121   1        while((*str)!='\0') 
 122   1        {
 123   2           lcdwritedata(*str);
 124   2           str++;
 125   2        }
 126   1      }         
 127          void drawpoint(unsigned char y[])
 128          {
 129   1        unsigned char i,j,k;
 130   1        unsigned long int l;
 131   1        unsigned char x;
 132   1        xdata unsigned char pix[16][64];
 133   1        for(i=0;i<16;i++)
 134   1          for(j=0;j<64;j++)
 135   1                 pix[i][j]=0;
 136   1            for(i=0;i<128;i++)
 137   1                pix[i/8][y[i]]=(0x80>>(i%8)); 
 138   1        
 139   1            for(i=0,j=0;i<9;i+=8,j+=32)
 140   1               {  
 141   2                for(x=0;x<32;x++)
 142   2                  {     
 143   3                     lcdwritecmd(0x34);
 144   3                     lcdwritecmd(0x80+x);
 145   3                     lcdwritecmd(0x80+i); 
 146   3                     lcdwritecmd(0x30);   
 147   3                    for(k=0;k<16;k++) 
 148   3                      lcdwritedata(pix[k][x+j]);
 149   3                  }
 150   2              }
 151   1             lcdwritecmd(0x36); 
 152   1            for(l=0;l<500000;l++);
 153   1      }
 154          
 155            


MODULE INFORMATION:   STATIC OVERLAYABLE
   CODE SIZE        =    482    ----
   CONSTANT SIZE    =   ----    ----
   XDATA SIZE       =   ----    1024
   PDATA SIZE       =   ----    ----
   DATA SIZE        =   ----       9
   IDATA SIZE       =   ----    ----
   BIT SIZE         =   ----    ----
END OF MODULE INFORMATION.


C51 COMPILATION COMPLETE.  0 WARNING(S),  0 ERROR(S)
