C51 COMPILER V9.56.0.0   MAIN                                                              10/05/2017 23:03:51 PAGE 1   


C51 COMPILER V9.56.0.0, COMPILATION OF MODULE MAIN
OBJECT MODULE PLACED IN main.OBJ
COMPILER INVOKED BY: C:\Keil_v5\C51\BIN\C51.EXE main.c OPTIMIZE(8,SPEED) BROWSE DEBUG OBJECTEXTEND TABS(2)

line level    source

   1          #include "12864.h"
   2          
   3          bit flag=1;
   4          unsigned char max_tstr[10],min_tstr[10],avg_tstr[10];
   5          unsigned int tmp=0;
   6          xdata unsigned char value[128];
   7          unsigned int max_value=0 ,min_value=1024,avg_value=10;
   8          unsigned char inc=0;
   9          void adc_int() interrupt 5
  10          {
  11   1        ADC_CONTR &=~0x20;
  12   1        tmp=(ADC_RES*256+ADC_RESL);
  13   1        if(inc!=128 && flag==0)
  14   1        {
  15   2            value[inc]=tmp/64;
  16   2            if(tmp>max_value)
  17   2                  max_value=tmp;
  18   2            if(tmp<min_value)
  19   2                 min_value=tmp;
  20   2             inc++;
  21   2        }
  22   1        else
  23   1        {
  24   2              inc=0;
  25   2              flag=1;
  26   2        }
  27   1           adc_start();
  28   1      }
  29          
  30          void main()
  31          {
  32   1        long unsigned int i;
  33   1        set_P0_drive_mode(0x00,0x00);
  34   1        set_P2_drive_mode(0x00,0x00);
  35   1        LCD12864_RST=1;
  36   1        clear_adc_result();
  37   1        set_adc_result_format(1);
  38   1        set_adc_conv_speed(0xf);
  39   1        EN_ADC_INT;
  40   1        EN_GOL_INT;
  41   1        adc_power_on();
  42   1        delay();
  43   1        set_adc_channel(1);
  44   1        adc_start();
  45   1        lcdinit();
  46   1        lcdshowstr(0,0,"测量交流信号");
  47   1        for(i=0;i<600000;i++);
  48   1        lcdwritecmd(0x01);
  49   1          while(1)
  50   1          { 
  51   2          if(flag==1)
  52   2            {
  53   3                lcdinit();
  54   3                sprintf(max_tstr,"%+1.4f",(max_value*2.5)/4096);
  55   3                sprintf(min_tstr,"%+1.4f",(min_value*2.5)/4096);
C51 COMPILER V9.56.0.0   MAIN                                                              10/05/2017 23:03:51 PAGE 2   

  56   3                sprintf(avg_tstr,"%+1.4f",((max_value-min_value)*2.5)/4096);
  57   3                max_value=0;
  58   3                min_value=4096;
  59   3                lcdshowstr(0,1,"MAX: ");
  60   3                lcdshowstr(2,1,max_tstr);
  61   3                lcdshowstr(5,1," V");
  62   3                lcdshowstr(0,2,"MIN: ");
  63   3                lcdshowstr(2,2,min_tstr);
  64   3                lcdshowstr(5,2," V");
  65   3                lcdshowstr(0,3,"PTP: ");
  66   3                lcdshowstr(2,3,avg_tstr);
  67   3                lcdshowstr(5,3," V");
  68   3                for(i=0;i<300000;i++);
  69   3                lcdwritecmd(0x01);
  70   3                drawpoint(value); 
  71   3              flag=0; 
  72   3            }  
  73   2          } 
  74   1      }


MODULE INFORMATION:   STATIC OVERLAYABLE
   CODE SIZE        =    650    ----
   CONSTANT SIZE    =     41    ----
   XDATA SIZE       =    128    ----
   PDATA SIZE       =   ----    ----
   DATA SIZE        =     39       4
   IDATA SIZE       =   ----    ----
   BIT SIZE         =      1    ----
END OF MODULE INFORMATION.


C51 COMPILATION COMPLETE.  0 WARNING(S),  0 ERROR(S)
