C51 COMPILER V9.56.0.0   MAIN                                                              10/06/2017 17:20:45 PAGE 1   


C51 COMPILER V9.56.0.0, COMPILATION OF MODULE MAIN
OBJECT MODULE PLACED IN main.OBJ
COMPILER INVOKED BY: C:\Keil_v5\C51\BIN\C51.EXE main.c OPTIMIZE(8,SPEED) BROWSE DEBUG OBJECTEXTEND TABS(2)

line level    source

   1          
   2          #include "ccp.h"
   3          
   4          void PCA_int() interrupt 7 using 1
   5          {
   6   1        CCF0=0;
   7   1        CL=0;
   8   1        CH=0;
   9   1        P6=~P6;
  10   1      }
  11          
  12          void main()
  13          {
  14   1        P_SW2=0x80;     
  15   1        CLKDIV=255;    
  16   1        P_SW2=0x00;  
  17   1        P6=0;
  18   1        CCON=0;
  19   1        CL=0;
  20   1        CH=0;
  21   1        CMOD=0x00;
  22   1        CCAP0L=value;
  23   1        CCAP0H=value>>8;
  24   1        CCAPM0=0x49;
  25   1        CR=1;
  26   1        EA=1;
  27   1        while(1);
  28   1      }
  29          


MODULE INFORMATION:   STATIC OVERLAYABLE
   CODE SIZE        =     49    ----
   CONSTANT SIZE    =   ----    ----
   XDATA SIZE       =   ----    ----
   PDATA SIZE       =   ----    ----
   DATA SIZE        =   ----    ----
   IDATA SIZE       =   ----    ----
   BIT SIZE         =   ----    ----
END OF MODULE INFORMATION.


C51 COMPILATION COMPLETE.  0 WARNING(S),  0 ERROR(S)
