C51 COMPILER V9.56.0.0   BSP                                                               10/21/2017 15:51:50 PAGE 1   


C51 COMPILER V9.56.0.0, COMPILATION OF MODULE BSP
OBJECT MODULE PLACED IN .\OUTPUT\bsp.obj
COMPILER INVOKED BY: C:\Keil_v5\C51\BIN\C51.EXE ..\BSP\bsp.c LARGE OPTIMIZE(8,SPEED) BROWSE DEBUG OBJECTEXTEND PRINT(.\L
                    -IST\bsp.lst) TABS(2) OBJECT(.\OUTPUT\bsp.obj)

line level    source

   1          
   2          
   3          
   4          
   5          
   6          #include "bsp.h"
   7          
   8          
   9          
  10          ///////////////////////////////////////////////////////////
  11          //函数名:   bsp
  12          //功能:    板载硬件初始化
  13          void bsp(void) reentrant
  14          {
  15   1          P3M0=0;
  16   1          P3M1=0;
  17   1          P6M0=0;
  18   1          P6M1=0;
  19   1          LED1=1;                 //上电后，灯全灭  
  20   1          LED2=1;          
  21   1      }


MODULE INFORMATION:   STATIC OVERLAYABLE
   CODE SIZE        =     14    ----
   CONSTANT SIZE    =   ----    ----
   XDATA SIZE       =   ----    ----
   PDATA SIZE       =   ----    ----
   DATA SIZE        =   ----    ----
   IDATA SIZE       =   ----    ----
   BIT SIZE         =   ----    ----
END OF MODULE INFORMATION.


C51 COMPILATION COMPLETE.  0 WARNING(S),  0 ERROR(S)
