C51 COMPILER V9.52.0.0   CMP                                                               05/19/2015 16:46:46 PAGE 1   


C51 COMPILER V9.52.0.0, COMPILATION OF MODULE CMP
OBJECT MODULE PLACED IN .\OUTPUT\cmp.obj
COMPILER INVOKED BY: D:\Program Files\KeilC51v5\C51\BIN\C51.EXE ..\STC_LIB\cmp.c LARGE BROWSE DEBUG OBJECTEXTEND PRINT(.
                    -\LIST\cmp.lst) OBJECT(.\OUTPUT\cmp.obj)

line level    source

   1          
   2          
   3          #include        "cmp.h"
   4          
   5          //========================================================================
   6          // 函数: u8     CMP_Inilize(CMP_InitTypeDef *CMP)
   7          // 描述: 初始化电压比较器
   8          // 参数:CMP: 结构参数,请参考cmp.h里的定义.
   9          // 返回: 成功返回0, 空操作返回1
  10          //========================================================================
  11          u8      CMP_Inilize(CMP_InitTypeDef *CMP)
  12          {   
  13   1          CMP_IF_CLR;                  //CMP中断标志清零
  14   1          
  15   1          if(0x20>CMP->Lcdty5)
  16   1          {
  17   2               CMPCR2&=(~0x1F);
  18   2               CMPCR2|=CMP->Lcdty5;    //比较器输出端 跳变沿后维持电平时间选择 单位一个时钟周期
  19   2          }
  20   1          else
  21   1          {
  22   2              return 1;                           //失败?
  23   2          }    
  24   1          
  25   1          CMPCR1&=(~(1<<3));  //比较器正极只能选P55
  26   1            
  27   1          if(CMP_CMPG_P54==CMP->CmpG)
  28   1          {
  29   2              CMPCR1|=1<<3;       //比较器负极选P54
  30   2          }
  31   1          else if(CMP_CMPG_BGV==CMP->CmpG)
  32   1          {
  33   2              CMPCR1&=(~(1<<3));  //比较器负极选BGV 1.27V附近
  34   2          }
  35   1          else
  36   1          {
  37   2              return 1;           //失败?
  38   2          }
  39   1          
  40   1          if(ENABLE==CMP->Rise)    //上升沿中断
  41   1          {
  42   2              CMPCR1|=1<<5;                   //使能
  43   2          }
  44   1          else if(DISABLE==CMP->Rise)   
  45   1          {
  46   2              CMPCR1&=(~(1<<5));              //禁止
  47   2          }
  48   1          else
  49   1          {
  50   2              return 1;                       //失败?
  51   2          }
  52   1          
  53   1          if(ENABLE==CMP->Fall)    //下降沿中断
  54   1          {
C51 COMPILER V9.52.0.0   CMP                                                               05/19/2015 16:46:46 PAGE 2   

  55   2              CMPCR1|=1<<4;                   //使能
  56   2          }
  57   1          else if(DISABLE==CMP->Fall)
  58   1          {
  59   2              CMPCR1&=(~(1<<4));              //禁止
  60   2          }
  61   1          else
  62   1          {
  63   2              return 1;                       //失败?
  64   2          }
  65   1          
  66   1          if(ENABLE==CMP->Disflt)  //关于0.1us Filter
  67   1          {
  68   2              CMPCR2|=1<<6;                   //关掉比较器输出的0.1us Filter
  69   2          }
  70   1          else if(DISABLE==CMP->Disflt)
  71   1          {
  72   2              CMPCR2&=(~(1<<6));              //比较器输出有0.1us Filter
  73   2          }
  74   1          else
  75   1          {
  76   2              return 1;                       //失败?
  77   2          }
  78   1      
  79   1          switch (CMP->CmpoResult)
  80   1          {           
  81   2              case CMP_CMPO_P12NOR:  //比较器结果正常输出P12
  82   2              CMPCR2&=(~(1<<7));
  83   2              CMPCR1|=1<<1;
  84   2              break;
  85   2              
  86   2              case CMP_CMPO_P12INV:   //比较器结果取反再输出P12
  87   2              CMPCR2|=1<<7;
  88   2              CMPCR1|=1<<1;      
  89   2              break;
  90   2                
  91   2              case CMP_CMPO_NO:       //比较器结果不输出到外部管脚P12
  92   2              CMPCR1&=(~(1<<1));
  93   2              break;
  94   2                       
  95   2              default:
  96   2              return 1;               //失败?
  97   2              break;
  98   2          }
  99   1          
 100   1              if(ENABLE==CMP->Power)
 101   1          {
 102   2              CMPCR1|=1<<7;           //开启CMP 开启比较器电源
 103   2          }
 104   1          else if(DISABLE==CMP->Power)
 105   1          {
 106   2              CMPCR1&=(~(1<<7));      //禁止CMP 关闭比较器电源
 107   2          }
 108   1          else
 109   1          {
 110   2              return 1;               //失败?
 111   2          }
 112   1          
 113   1              return 0;       //成功
 114   1      }
 115          
 116          
C51 COMPILER V9.52.0.0   CMP                                                               05/19/2015 16:46:46 PAGE 3   

 117          ///////////////////////////////
 118          //读CMP比较结果
 119          //返回比较结果 
 120          //1=CMP+ > CMP-
 121          //0=CMP+ < CMP-
 122          u8 CMP_ReadResult(void)
 123          {
 124   1          if(0x01==(CMPCR1&(0x01)))
 125   1          {
 126   2              return 1;
 127   2          }
 128   1          else
 129   1          { 
 130   2              return 0;
 131   2          }        
 132   1      }
 133          
 134          
 135          void CMP_int (void) interrupt CMP_VECTOR
 136          {
 137   1              CMP_IF_CLR;
 138   1      }
 139          


MODULE INFORMATION:   STATIC OVERLAYABLE
   CODE SIZE        =    213    ----
   CONSTANT SIZE    =   ----    ----
   XDATA SIZE       =   ----    ----
   PDATA SIZE       =   ----    ----
   DATA SIZE        =   ----    ----
   IDATA SIZE       =   ----    ----
   BIT SIZE         =   ----    ----
END OF MODULE INFORMATION.


C51 COMPILATION COMPLETE.  0 WARNING(S),  0 ERROR(S)
