C51 COMPILER V9.56.0.0   GLOBALVARIABLE                                                    10/21/2017 15:51:50 PAGE 1   


C51 COMPILER V9.56.0.0, COMPILATION OF MODULE GLOBALVARIABLE
OBJECT MODULE PLACED IN .\OUTPUT\globalvariable.obj
COMPILER INVOKED BY: C:\Keil_v5\C51\BIN\C51.EXE ..\BSP\globalvariable.c LARGE OPTIMIZE(8,SPEED) BROWSE DEBUG OBJECTEXTEN
                    -D PRINT(.\LIST\globalvariable.lst) TABS(2) OBJECT(.\OUTPUT\globalvariable.obj)

line level    source

   1           
   2          
   3          
   4          
   5          
   6          #include "globalvariable.h"
   7          
   8          //////////////////////////////////////////////////////////////////
   9          //用户应用程序全局变量初始化
  10          void globalvariable (void) reentrant
  11          {
  12   1          ;
  13   1      }
  14          
  15          
  16          
  17          
  18          
  19          
  20          
  21          
  22          
  23          
  24          
  25          
  26          
  27          
  28          
  29          
  30          


MODULE INFORMATION:   STATIC OVERLAYABLE
   CODE SIZE        =      1    ----
   CONSTANT SIZE    =   ----    ----
   XDATA SIZE       =   ----    ----
   PDATA SIZE       =   ----    ----
   DATA SIZE        =   ----    ----
   IDATA SIZE       =   ----    ----
   BIT SIZE         =   ----    ----
END OF MODULE INFORMATION.


C51 COMPILATION COMPLETE.  0 WARNING(S),  0 ERROR(S)
