C51 COMPILER V9.56.0.0   LED                                                               10/21/2017 15:51:49 PAGE 1   


C51 COMPILER V9.56.0.0, COMPILATION OF MODULE LED
OBJECT MODULE PLACED IN .\OUTPUT\led.obj
COMPILER INVOKED BY: C:\Keil_v5\C51\BIN\C51.EXE ..\APP\led.c LARGE OPTIMIZE(8,SPEED) BROWSE DEBUG OBJECTEXTEND PRINT(.\L
                    -IST\led.lst) TABS(2) OBJECT(.\OUTPUT\led.obj)

line level    source

   1          
   2          
   3          //////////////////////////////////
   4          //头文件
   5          #include "includes.h"
   6          
   7          //////////////////////////////////
   8          //堆栈
   9          OS_STK  TASK_1_STK[MaxStkSize+1]; //任务堆栈声明
  10          OS_STK  TASK_2_STK[MaxStkSize+1]; //任务堆栈声明
  11          
  12          ///////////////////////////////////////////////
  13          //LED任务
  14          void Task1(void * ppdata) reentrant
  15          {
  16   1        ppdata = ppdata;
  17   1        for(;;)
  18   1        {          
  19   2              SW1=1;
  20   2              if(SW1==0)
  21   2              {
  22   3                  OSTimeDlyHMSM(0,0,0,20);     //按键按下 20ms消抖
  23   3                  if(SW1==0)
  24   3                  {
  25   4                      LED=LED |0x0F;          //按键有效按下 则LED0~LED3亮
  26   4                      while(SW1==0)
  27   4                      {
  28   5                          while(SW1==0)
  29   5                          {
  30   6                               OSTimeDlyHMSM(0,0,0,20); //按键按下 20ms消抖
  31   6                          }
  32   5                          OSTimeDlyHMSM(0,0,0,20);     //按键按下 20ms消抖
  33   5                          OSTimeDlyHMSM(0,0,0,20);     //按键按下 20ms消抖
  34   5                      }
  35   4                      OSTaskSuspend(OS_PRIO_SELF);
  36   4                      LED=LED &0xF0;
  37   4                  }
  38   3              }  
  39   2              OSTimeDlyHMSM(0,0,0,20);        
  40   2          }
  41   1      }
  42          
  43          
  44          ///////////////////////////////////////////////
  45          //LED任务
  46          void Task2(void * ppdata) reentrant
  47          {
  48   1        ppdata = ppdata;
  49   1        for(;;)
  50   1        {          
  51   2               SW2=1;
  52   2              if(SW2==0)
  53   2              {
  54   3                  OSTimeDlyHMSM(0,0,0,20);     //按键按下 20ms消抖
C51 COMPILER V9.56.0.0   LED                                                               10/21/2017 15:51:49 PAGE 2   

  55   3                  if(SW2==0)
  56   3                  {
  57   4                      OSTaskResume(TASK_1_Prio); 
  58   4                      LED=LED | 0xF0   ; //按键有效按下 则灯LED4~LED7亮
  59   4                      while(SW2==0)
  60   4                      {
  61   5                          while(SW2==0)
  62   5                          {
  63   6                               OSTimeDlyHMSM(0,0,0,20); //按键按下 20ms消抖
  64   6                          }
  65   5                          OSTimeDlyHMSM(0,0,0,20);     //按键按下 20ms消抖
  66   5                          OSTimeDlyHMSM(0,0,0,20);     //按键按下 20ms消抖
  67   5                      }
  68   4                      LED=LED & 0x0F;
  69   4                  }
  70   3              }  
  71   2              OSTimeDlyHMSM(0,0,0,30);        
  72   2          }
  73   1      }
  74          
  75          
*** WARNING C294 IN LINE 41 OF ..\APP\led.c: unreachable code
*** WARNING C294 IN LINE 73 OF ..\APP\led.c: unreachable code


MODULE INFORMATION:   STATIC OVERLAYABLE
   CODE SIZE        =    356    ----
   CONSTANT SIZE    =   ----    ----
   XDATA SIZE       =    202    ----
   PDATA SIZE       =   ----    ----
   DATA SIZE        =   ----    ----
   IDATA SIZE       =   ----    ----
   BIT SIZE         =   ----    ----
END OF MODULE INFORMATION.


C51 COMPILATION COMPLETE.  2 WARNING(S),  0 ERROR(S)
