C51 COMPILER V9.56.0.0   MAIN                                                              10/21/2017 15:51:49 PAGE 1   


C51 COMPILER V9.56.0.0, COMPILATION OF MODULE MAIN
OBJECT MODULE PLACED IN .\OUTPUT\main.obj
COMPILER INVOKED BY: C:\Keil_v5\C51\BIN\C51.EXE ..\APP\main.c LARGE OPTIMIZE(8,SPEED) BROWSE DEBUG OBJECTEXTEND PRINT(.\
                    -LIST\main.lst) TABS(2) OBJECT(.\OUTPUT\main.obj)

line level    source

   1          
   2          //////////////////////////////////////
   3          //头文件
   4          #include "includes.h"
   5          
   6          
   7          ////////////////////////////////////////////////////////////////////////
   8          //功能说明
   9          //P6.0 LED1
  10          //P6.1 LED2
  11          //P6.2 LED3
  12          //P6.3 LED4
  13          //P6.4 LED5
  14          //P6.5 LED6
  15          //P6.6 LED7
  16          //P6.7 LED8
  17          
  18          //P3.3 SW1
  19          //P3.2 SW2
  20          //LED1~LED8 根据2个按键动作来亮灭
  21          
  22          
  23          //uCOSII 系统入口
  24          void main(void)
  25          {
  26   1        OSInit();               //OS系统初始化
  27   1        SystickInitOfTmer0();   //系统滴答计数器初始化 采用TIMER0 
  28   1         
  29   1        OSTaskCreate(TaskStart,
  30   1                      (void*)0,
  31   1                      &TASK_START_STK[0],
  32   1                      START_TASK_Prio
  33   1                      );          //起始任务 又这个任务再创建其他任务
  34   1        OSStart();              //启动OS系统 并且打开总中断开关  即EA=1
  35   1      }
  36          
  37          
  38          


MODULE INFORMATION:   STATIC OVERLAYABLE
   CODE SIZE        =     67    ----
   CONSTANT SIZE    =   ----    ----
   XDATA SIZE       =   ----    ----
   PDATA SIZE       =   ----    ----
   DATA SIZE        =   ----    ----
   IDATA SIZE       =   ----    ----
   BIT SIZE         =   ----    ----
END OF MODULE INFORMATION.


C51 COMPILATION COMPLETE.  0 WARNING(S),  0 ERROR(S)
