C51 COMPILER V9.52.0.0   OLED                                                              05/19/2015 16:46:47 PAGE 1   


C51 COMPILER V9.52.0.0, COMPILATION OF MODULE OLED
OBJECT MODULE PLACED IN .\OUTPUT\oled.obj
COMPILER INVOKED BY: D:\Program Files\KeilC51v5\C51\BIN\C51.EXE ..\STC_LIB\oled.c LARGE BROWSE DEBUG OBJECTEXTEND PRINT(
                    -.\LIST\oled.lst) OBJECT(.\OUTPUT\oled.obj)

line level    source

   1          
   2          /*
   3          128*64点阵的OLED显示屏驱动文件，仅适用于SD1306驱动 模拟SPI通信方式显示屏
   4                  OLED屏测试程序-STC/IAP15W4KxxS4
   5                  
   6                  使用说明：
   7                  OLED电源使用5V。   
   8                  ----------------
   9                  G     电源地
  10                  5V 接 5V电源
  11                  SCLK(SCL)   P21
  12                  MOSOI(SDA)      P23
  13                  RST         P20 
  14                  DC          P45
  15                  CS          P24
  16              
  17          注意 这里用到的是模拟SPI
  18          不是I2C
  19          */
  20          
  21          #include        "my_include.h"
  22          
  23          #define OLED_USER_EA 1
  24          //运行静态函数OLED_SpiWriteByte时是否先屏蔽中断，运行完毕后再打开
  25          //如果定义 OLED_USER_EA 运行时就屏蔽中断，运行完毕后再打开
  26          //一般如果我们的应用要使能EA即要用到别的中断  则就定义OLED_USER_EA
  27          //否则就 //#define OLED_USER_EA 1  屏蔽这个
  28          
  29          static void OLED_SimulateSpiConfiguration(void);        //关于OLED的SPI初始化
  30          static void OLED_SpiWriteByte(u8 dat);                          //向OLED寄存器地址写一个byte的数据
  31          static void OLED_WriteCmd(u8 I2C_Command);                      //写命令
  32          static void OLED_WriteDat(u8 I2C_Data);                         //写数据
  33          
  34          
  35          ///////////////////////////////////////////////////
  36          //初始化OLED
  37          void OLED_Init(void)
  38          {
  39   1              OLED_SimulateSpiConfiguration();        
  40   1              //从上电到下面开始初始化要有足够的时间，即等待RC复位完毕   
  41   1        
  42   1              OLED_WriteCmd(0xae);//--turn off oled panel
  43   1              OLED_WriteCmd(0x00);//---set low column address
  44   1              OLED_WriteCmd(0x10);//---set high column address
  45   1              OLED_WriteCmd(0x40);//--set start line address  Set Mapping RAM Display Start Line (0x00~0x3F)
  46   1              OLED_WriteCmd(0x81);//--set contrast control register
  47   1              OLED_WriteCmd(0xcf); // Set SEG Output Current Brightness
  48   1              OLED_WriteCmd(0xa1);//--Set SEG/Column Mapping     0xa0左右反置 0xa1正常
  49   1              OLED_WriteCmd(0xc8);//Set COM/Row Scan Direction   0xc0上下反置 0xc8正常
  50   1              OLED_WriteCmd(0xa6);//--set normal display
  51   1              OLED_WriteCmd(0xa8);//--set multiplex ratio(1 to 64)
  52   1              OLED_WriteCmd(0x3f);//--1/64 duty
  53   1              OLED_WriteCmd(0xd3);//-set display offset       Shift Mapping RAM Counter (0x00~0x3F)
  54   1              OLED_WriteCmd(0x00);//-not offset
C51 COMPILER V9.52.0.0   OLED                                                              05/19/2015 16:46:47 PAGE 2   

  55   1              OLED_WriteCmd(0xd5);//--set display clock divide ratio/oscillator frequency
  56   1              OLED_WriteCmd(0x80);//--set divide ratio, Set Clock as 100 Frames/Sec
  57   1              OLED_WriteCmd(0xd9);//--set pre-charge period
  58   1              OLED_WriteCmd(0xf1);//Set Pre-Charge as 15 Clocks & Discharge as 1 Clock
  59   1              OLED_WriteCmd(0xda);//--set com pins hardware configuration
  60   1              OLED_WriteCmd(0x12);
  61   1              OLED_WriteCmd(0xdb);//--set vcomh
  62   1              OLED_WriteCmd(0x40);//Set VCOM Deselect Level
  63   1              OLED_WriteCmd(0x20);//-Set Page Addressing Mode (0x00/0x01/0x02)
  64   1              OLED_WriteCmd(0x02);//
  65   1              OLED_WriteCmd(0x8d);//--set Charge Pump enable/disable
  66   1              OLED_WriteCmd(0x14);//--set(0x10) disable
  67   1              OLED_WriteCmd(0xa4);// Disable Entire Display On (0xa4/0xa5)
  68   1              OLED_WriteCmd(0xa6);// Disable Inverse Display On (0xa6/a7) 
  69   1              OLED_WriteCmd(0xaf);//--turn on oled panel
  70   1              OLED_CLS();             //初始清屏
  71   1              OLED_SetPos(0,0);       //设置初始坐标(0,0)     
  72   1      }
  73          
  74          
  75          //////////////////////////////////////////////////////////////////
  76          //填充整个屏幕
  77          //要填充的数据 fill_Data
  78          void OLED_Fill(u8 fill_Data)//全屏填充
  79          {
  80   1              u8 m,n;
  81   1              for(m=0;m<8;m++)
  82   1              {
  83   2                      OLED_WriteCmd(0xb0+m);          //page0-page1
  84   2                      OLED_WriteCmd(0x00);            //low column start address
  85   2                      OLED_WriteCmd(0x10);            //high column start address
  86   2                      for(n=0;n<128;n++)
  87   2                              {
  88   3                                      OLED_WriteDat(fill_Data);
  89   3                              }
  90   2              }
  91   1      }
  92          
  93          //////////////////////////////////////////////////////////////////
  94          //清屏
  95          void OLED_CLS(void)//清屏
  96          {
  97   1              OLED_Fill(0x00);
  98   1      }
  99          
 100          //////////////////////////////////////////////////////////////////
 101          //全屏点亮
 102          void OLED_BRIGHT(void)//全屏点亮
 103          {
 104   1              OLED_Fill(0xff);
 105   1      }
 106          
 107          //////////////////////////////////////////////////////////////////
 108          //让OLED休眠 -- 休眠模式下,OLED功耗不到10uA
 109          void OLED_OFF(void)
 110          {
 111   1              OLED_WriteCmd(0X8D);  //设置电荷泵
 112   1              OLED_WriteCmd(0X10);  //关闭电荷泵
 113   1              OLED_WriteCmd(0XAE);  //OLED休眠
 114   1      }
 115          
 116          //////////////////////////////////////////////////////////////////
C51 COMPILER V9.52.0.0   OLED                                                              05/19/2015 16:46:47 PAGE 3   

 117          //将OLED从休眠中唤醒
 118          void OLED_ON(void)
 119          {
 120   1              OLED_WriteCmd(0X8D);  //设置电荷泵
 121   1              OLED_WriteCmd(0X14);  //开启电荷泵
 122   1              OLED_WriteCmd(0XAF);  //OLED唤醒
 123   1      }
 124          
 125          //////////////////////////////////////////////////////////////////
 126          //显示codetab.h中的ASCII字符,有6*8和8*16可选择
 127          //起始点坐标(x:0~127, y:0~7);
 128          //ch[] :- 要显示的字符串; 
 129          //TextSize : 字符大小(1:6*8 ; 2:8*16)
 130          //例:cocoguojia_oledShowStr(0,3,(unsigned char*)"Wildfire Tech",1);                             //测试6*8字符
 131          //例:cocoguojia_oledShowStr(0,4,(unsigned char*)"Hello wildfire",2);                    //测试8*16字符
 132          void OLED_ShowStr(u8 x, u8 y, u8 ch[], u8 TextSize)
 133          {
 134   1              u8 c = 0,i = 0,j = 0;
 135   1              switch(TextSize)
 136   1              {
 137   2                      case 1:
 138   2                      {
 139   3                              while(ch[j] != '\0')
 140   3                              {
 141   4                                      c = ch[j] - 32;
 142   4                                      if(x > 126)
 143   4                                      {
 144   5                                              x = 0;
 145   5                                              y++;
 146   5                                      }
 147   4                                      OLED_SetPos(x,y);
 148   4                                      for(i=0;i<6;i++)
 149   4                                              OLED_WriteDat(F6x8[c][i]);
 150   4                                      x += 6;
 151   4                                      j++;
 152   4                              }
 153   3                      }break;
 154   2                      case 2:
 155   2                      {
 156   3                              while(ch[j] != '\0')
 157   3                              {
 158   4                                      c = ch[j] - 32;
 159   4                                      if(x > 120)
 160   4                                      {
 161   5                                              x = 0;
 162   5                                              y++;
 163   5                                      }
 164   4                                      OLED_SetPos(x,y);
 165   4                                      for(i=0;i<8;i++)
 166   4                                              OLED_WriteDat(F8X16[c*16+i]);
 167   4                                      OLED_SetPos(x,y+1);
 168   4                                      for(i=0;i<8;i++)
 169   4                                              OLED_WriteDat(F8X16[c*16+i+8]);
 170   4                                      x += 8;
 171   4                                      j++;
 172   4                              }
 173   3                      }break;
 174   2              }
 175   1      }
 176          
 177          
 178          //////////////////////////////////////////////////////////////////
C51 COMPILER V9.52.0.0   OLED                                                              05/19/2015 16:46:47 PAGE 4   

 179          //显示codetab.h中的汉字,16*16点阵
 180          //x,y: 起始点坐标(x:0~127, y:0~7); 
 181          //N:汉字在F16x16中的索引
 182          //例:OLED_ShowCN(0,1,0);
 183          void OLED_ShowCN(u8 x, u8 y, u8 N)
 184          {
 185   1              u8 wm=0;
 186   1              unsigned int  adder=32*N;
 187   1              OLED_SetPos(x , y);
 188   1              for(wm = 0;wm < 16;wm++)
 189   1              {
 190   2                      OLED_WriteDat(F16x16[adder]);
 191   2                      adder += 1;
 192   2              }
 193   1              OLED_SetPos(x,y + 1);
 194   1              for(wm = 0;wm < 16;wm++)
 195   1              {
 196   2                      OLED_WriteDat(F16x16[adder]);
 197   2                      adder += 1;
 198   2              }
 199   1      }
 200          
 201          
 202          
 203          //////////////////////////////////////////////////////////////////
 204          //显示BMP位图
 205          //x0,y0 :起始点坐标(x0:0~127, y0:0~7);
 206          //x1,y1 : 起点对角线(结束点)的坐标(x1:1~128,y1:1~8)
 207          //例: OLED_DrawBMP(0,0,128,8,(unsigned char *)BMP1);//测试BMP位图显示
 208          void OLED_DrawBMP(u8 x0,u8 y0,u8 x1,u8 y1,u8 BMP[])
 209          {
 210   1              unsigned int j=0;
 211   1              u8 x,y;
 212   1      
 213   1        if(y1%8==0)
 214   1                      y = y1/8;
 215   1        else
 216   1                      y = y1/8 + 1;
 217   1              for(y=y0;y<y1;y++)
 218   1              {
 219   2                      OLED_SetPos(x0,y);
 220   2          for(x=x0;x<x1;x++)
 221   2                      {
 222   3                              OLED_WriteDat(BMP[j++]);
 223   3                      }
 224   2              }
 225   1      }
 226          
 227          //////////////////////////////////////////////////////////////////
 228          //设置光标位置
 229          //(x,y)光标位置
 230          void OLED_SetPos(u8 x, u8 y) //设置起始点坐标
 231          { 
 232   1              OLED_WriteCmd(0xb0+y);
 233   1              OLED_WriteCmd(((x&0xf0)>>4)|0x10);
 234   1              OLED_WriteCmd((x&0x0f)|0x01);
 235   1      }
 236          
 237          
 238          //////////////////////////////////////////////////////////////////////////////////////////////
 239          //静态函数
 240          
C51 COMPILER V9.52.0.0   OLED                                                              05/19/2015 16:46:47 PAGE 5   

 241          ///////////////////////////////////////////////////////////
 242          //函数名:   OLED_SimulateSpiConfiguration
 243          //功能:     关于OLED的模拟SPI初始化
 244          static void OLED_SimulateSpiConfiguration(void)
 245          {       
 246   1              OLED_CS_EN;
 247   1              OLED_SCLK_SET;
 248   1              OLED_RST_EN;
 249   1              OLED_DC_DAT;
 250   1              delay_ms(200);
 251   1              OLED_RST_NO;
 252   1      }
 253          
 254          //////////////////////////////////////////////////////////////////
 255          //向OLED寄存器地址写一个byte的数据
 256          //addr：寄存器地址
 257          //data：要写入的数据
 258          static void OLED_SpiWriteByte(u8 dat)
 259          {
 260   1              unsigned char   i=8;
 261   1              unsigned char   j;
 262   1          #ifdef OLED_USER_EA
 263   1          EA=0;//////////////////////////////////
 264   1          #endif
 265   1              OLED_SCLK_CLR;
 266   1              j=(MAIN_Fosc/1000000);
 267   1              while(j--)
 268   1              {
 269   2                      ;
 270   2              }
 271   1              while(i--)
 272   1              {
 273   2              if(dat&0x80)
 274   2                      {
 275   3                              OLED_MOSI_SET;
 276   3                      }
 277   2              else
 278   2                      {
 279   3                              OLED_MOSI_CLR;
 280   3                      }
 281   2                      j=(MAIN_Fosc/1000000);
 282   2              while(j--)
 283   2              {
 284   3                  ;
 285   3              }
 286   2              OLED_SCLK_SET;
 287   2                      j=(MAIN_Fosc/1000000);
 288   2              while(j--)
 289   2              {
 290   3                  ;
 291   3              }
 292   2              OLED_SCLK_CLR;   
 293   2              dat<<=1;  
 294   2        }        
 295   1        #ifdef OLED_USER_EA
 296   1        EA=1;//////////////////////////////////
 297   1        #endif
 298   1      }
 299          
 300          ///////////////////////////////////////////////////
 301          //向OLED写入命令
 302          //I2C_Command：命令代码
C51 COMPILER V9.52.0.0   OLED                                                              05/19/2015 16:46:47 PAGE 6   

 303          static void OLED_WriteCmd(u8 I2C_Command)//写命令
 304          {
 305   1              OLED_DC_COM;
 306   1              OLED_SpiWriteByte(I2C_Command);
 307   1      }
 308          
 309          
 310          ///////////////////////////////////////////////////
 311          //向OLED写入数据
 312          //I2C_Data：数据
 313          static void OLED_WriteDat(u8 I2C_Data)//写数据
 314          {
 315   1              OLED_DC_DAT;
 316   1              OLED_SpiWriteByte(I2C_Data);
 317   1      }
 318          
 319          
 320          ///////////////////////////////////////////////////////////
 321          //6x8点阵
 322          unsigned char code F6x8[][6] =
 323          {
 324                  0x00, 0x00, 0x00, 0x00, 0x00, 0x00,// sp
 325                  0x00, 0x00, 0x00, 0x2f, 0x00, 0x00,// !
 326                  0x00, 0x00, 0x07, 0x00, 0x07, 0x00,// "
 327                  0x00, 0x14, 0x7f, 0x14, 0x7f, 0x14,// #
 328                  0x00, 0x24, 0x2a, 0x7f, 0x2a, 0x12,// $
 329                  0x00, 0x62, 0x64, 0x08, 0x13, 0x23,// %
 330                  0x00, 0x36, 0x49, 0x55, 0x22, 0x50,// &
 331                  0x00, 0x00, 0x05, 0x03, 0x00, 0x00,// '
 332                  0x00, 0x00, 0x1c, 0x22, 0x41, 0x00,// (
 333                  0x00, 0x00, 0x41, 0x22, 0x1c, 0x00,// )
 334                  0x00, 0x14, 0x08, 0x3E, 0x08, 0x14,// *
 335                  0x00, 0x08, 0x08, 0x3E, 0x08, 0x08,// +
 336                  0x00, 0x00, 0x00, 0xA0, 0x60, 0x00,// ,
 337                  0x00, 0x08, 0x08, 0x08, 0x08, 0x08,// -
 338                  0x00, 0x00, 0x60, 0x60, 0x00, 0x00,// .
 339                  0x00, 0x20, 0x10, 0x08, 0x04, 0x02,// /
 340                  0x00, 0x3E, 0x51, 0x49, 0x45, 0x3E,// 0
 341                  0x00, 0x00, 0x42, 0x7F, 0x40, 0x00,// 1
 342                  0x00, 0x42, 0x61, 0x51, 0x49, 0x46,// 2
 343                  0x00, 0x21, 0x41, 0x45, 0x4B, 0x31,// 3
 344                  0x00, 0x18, 0x14, 0x12, 0x7F, 0x10,// 4
 345                  0x00, 0x27, 0x45, 0x45, 0x45, 0x39,// 5
 346                  0x00, 0x3C, 0x4A, 0x49, 0x49, 0x30,// 6
 347                  0x00, 0x01, 0x71, 0x09, 0x05, 0x03,// 7
 348                  0x00, 0x36, 0x49, 0x49, 0x49, 0x36,// 8
 349                  0x00, 0x06, 0x49, 0x49, 0x29, 0x1E,// 9
 350                  0x00, 0x00, 0x36, 0x36, 0x00, 0x00,// :
 351                  0x00, 0x00, 0x56, 0x36, 0x00, 0x00,// ;
 352                  0x00, 0x08, 0x14, 0x22, 0x41, 0x00,// <
 353                  0x00, 0x14, 0x14, 0x14, 0x14, 0x14,// =
 354                  0x00, 0x00, 0x41, 0x22, 0x14, 0x08,// >
 355                  0x00, 0x02, 0x01, 0x51, 0x09, 0x06,// ?
 356                  0x00, 0x32, 0x49, 0x59, 0x51, 0x3E,// @
 357                  0x00, 0x7C, 0x12, 0x11, 0x12, 0x7C,// A
 358                  0x00, 0x7F, 0x49, 0x49, 0x49, 0x36,// B
 359                  0x00, 0x3E, 0x41, 0x41, 0x41, 0x22,// C
 360                  0x00, 0x7F, 0x41, 0x41, 0x22, 0x1C,// D
 361                  0x00, 0x7F, 0x49, 0x49, 0x49, 0x41,// E
 362                  0x00, 0x7F, 0x09, 0x09, 0x09, 0x01,// F
 363                  0x00, 0x3E, 0x41, 0x49, 0x49, 0x7A,// G
 364                  0x00, 0x7F, 0x08, 0x08, 0x08, 0x7F,// H
C51 COMPILER V9.52.0.0   OLED                                                              05/19/2015 16:46:47 PAGE 7   

 365                  0x00, 0x00, 0x41, 0x7F, 0x41, 0x00,// I
 366                  0x00, 0x20, 0x40, 0x41, 0x3F, 0x01,// J
 367                  0x00, 0x7F, 0x08, 0x14, 0x22, 0x41,// K
 368                  0x00, 0x7F, 0x40, 0x40, 0x40, 0x40,// L
 369                  0x00, 0x7F, 0x02, 0x0C, 0x02, 0x7F,// M
 370                  0x00, 0x7F, 0x04, 0x08, 0x10, 0x7F,// N
 371                  0x00, 0x3E, 0x41, 0x41, 0x41, 0x3E,// O
 372                  0x00, 0x7F, 0x09, 0x09, 0x09, 0x06,// P
 373                  0x00, 0x3E, 0x41, 0x51, 0x21, 0x5E,// Q
 374                  0x00, 0x7F, 0x09, 0x19, 0x29, 0x46,// R
 375                  0x00, 0x46, 0x49, 0x49, 0x49, 0x31,// S
 376                  0x00, 0x01, 0x01, 0x7F, 0x01, 0x01,// T
 377                  0x00, 0x3F, 0x40, 0x40, 0x40, 0x3F,// U
 378                  0x00, 0x1F, 0x20, 0x40, 0x20, 0x1F,// V
 379                  0x00, 0x3F, 0x40, 0x38, 0x40, 0x3F,// W
 380                  0x00, 0x63, 0x14, 0x08, 0x14, 0x63,// X
 381                  0x00, 0x07, 0x08, 0x70, 0x08, 0x07,// Y
 382                  0x00, 0x61, 0x51, 0x49, 0x45, 0x43,// Z
 383                  0x00, 0x00, 0x7F, 0x41, 0x41, 0x00,// [
 384                  0x00, 0x55, 0x2A, 0x55, 0x2A, 0x55,// 55
 385                  0x00, 0x00, 0x41, 0x41, 0x7F, 0x00,// ]
 386                  0x00, 0x04, 0x02, 0x01, 0x02, 0x04,// ^
 387                  0x00, 0x40, 0x40, 0x40, 0x40, 0x40,// _
 388                  0x00, 0x00, 0x01, 0x02, 0x04, 0x00,// '
 389                  0x00, 0x20, 0x54, 0x54, 0x54, 0x78,// a
 390                  0x00, 0x7F, 0x48, 0x44, 0x44, 0x38,// b
 391                  0x00, 0x38, 0x44, 0x44, 0x44, 0x20,// c
 392                  0x00, 0x38, 0x44, 0x44, 0x48, 0x7F,// d
 393                  0x00, 0x38, 0x54, 0x54, 0x54, 0x18,// e
 394                  0x00, 0x08, 0x7E, 0x09, 0x01, 0x02,// f
 395                  0x00, 0x18, 0xA4, 0xA4, 0xA4, 0x7C,// g
 396                  0x00, 0x7F, 0x08, 0x04, 0x04, 0x78,// h
 397                  0x00, 0x00, 0x44, 0x7D, 0x40, 0x00,// i
 398                  0x00, 0x40, 0x80, 0x84, 0x7D, 0x00,// j
 399                  0x00, 0x7F, 0x10, 0x28, 0x44, 0x00,// k
 400                  0x00, 0x00, 0x41, 0x7F, 0x40, 0x00,// l
 401                  0x00, 0x7C, 0x04, 0x18, 0x04, 0x78,// m
 402                  0x00, 0x7C, 0x08, 0x04, 0x04, 0x78,// n
 403                  0x00, 0x38, 0x44, 0x44, 0x44, 0x38,// o
 404                  0x00, 0xFC, 0x24, 0x24, 0x24, 0x18,// p
 405                  0x00, 0x18, 0x24, 0x24, 0x18, 0xFC,// q
 406                  0x00, 0x7C, 0x08, 0x04, 0x04, 0x08,// r
 407                  0x00, 0x48, 0x54, 0x54, 0x54, 0x20,// s
 408                  0x00, 0x04, 0x3F, 0x44, 0x40, 0x20,// t
 409                  0x00, 0x3C, 0x40, 0x40, 0x20, 0x7C,// u
 410                  0x00, 0x1C, 0x20, 0x40, 0x20, 0x1C,// v
 411                  0x00, 0x3C, 0x40, 0x30, 0x40, 0x3C,// w
 412                  0x00, 0x44, 0x28, 0x10, 0x28, 0x44,// x
 413                  0x00, 0x1C, 0xA0, 0xA0, 0xA0, 0x7C,// y
 414                  0x00, 0x44, 0x64, 0x54, 0x4C, 0x44,// z
 415                  0x14, 0x14, 0x14, 0x14, 0x14, 0x14,// horiz lines
 416          };
 417          
 418          ///////////////////////////////////////////////////////////
 419          //8x16点阵
 420          unsigned char code F8X16[]=       
 421          {
 422            0x00,0x00,0x00,0x00,0x00,0x00,0x00,0x00,0x00,0x00,0x00,0x00,0x00,0x00,0x00,0x00,// 0
 423            0x00,0x00,0x00,0xF8,0x00,0x00,0x00,0x00,0x00,0x00,0x00,0x33,0x30,0x00,0x00,0x00,//! 1
 424            0x00,0x10,0x0C,0x06,0x10,0x0C,0x06,0x00,0x00,0x00,0x00,0x00,0x00,0x00,0x00,0x00,//" 2
 425            0x40,0xC0,0x78,0x40,0xC0,0x78,0x40,0x00,0x04,0x3F,0x04,0x04,0x3F,0x04,0x04,0x00,//# 3
 426            0x00,0x70,0x88,0xFC,0x08,0x30,0x00,0x00,0x00,0x18,0x20,0xFF,0x21,0x1E,0x00,0x00,//$ 4
C51 COMPILER V9.52.0.0   OLED                                                              05/19/2015 16:46:47 PAGE 8   

 427            0xF0,0x08,0xF0,0x00,0xE0,0x18,0x00,0x00,0x00,0x21,0x1C,0x03,0x1E,0x21,0x1E,0x00,//% 5
 428            0x00,0xF0,0x08,0x88,0x70,0x00,0x00,0x00,0x1E,0x21,0x23,0x24,0x19,0x27,0x21,0x10,//& 6
 429            0x10,0x16,0x0E,0x00,0x00,0x00,0x00,0x00,0x00,0x00,0x00,0x00,0x00,0x00,0x00,0x00,//' 7
 430            0x00,0x00,0x00,0xE0,0x18,0x04,0x02,0x00,0x00,0x00,0x00,0x07,0x18,0x20,0x40,0x00,//( 8
 431            0x00,0x02,0x04,0x18,0xE0,0x00,0x00,0x00,0x00,0x40,0x20,0x18,0x07,0x00,0x00,0x00,//) 9
 432            0x40,0x40,0x80,0xF0,0x80,0x40,0x40,0x00,0x02,0x02,0x01,0x0F,0x01,0x02,0x02,0x00,//* 10
 433            0x00,0x00,0x00,0xF0,0x00,0x00,0x00,0x00,0x01,0x01,0x01,0x1F,0x01,0x01,0x01,0x00,//+ 11
 434            0x00,0x00,0x00,0x00,0x00,0x00,0x00,0x00,0x80,0xB0,0x70,0x00,0x00,0x00,0x00,0x00,//, 12
 435            0x00,0x00,0x00,0x00,0x00,0x00,0x00,0x00,0x00,0x01,0x01,0x01,0x01,0x01,0x01,0x01,//- 13
 436            0x00,0x00,0x00,0x00,0x00,0x00,0x00,0x00,0x00,0x30,0x30,0x00,0x00,0x00,0x00,0x00,//. 14
 437            0x00,0x00,0x00,0x00,0x80,0x60,0x18,0x04,0x00,0x60,0x18,0x06,0x01,0x00,0x00,0x00,/// 15
 438            0x00,0xE0,0x10,0x08,0x08,0x10,0xE0,0x00,0x00,0x0F,0x10,0x20,0x20,0x10,0x0F,0x00,//0 16
 439            0x00,0x10,0x10,0xF8,0x00,0x00,0x00,0x00,0x00,0x20,0x20,0x3F,0x20,0x20,0x00,0x00,//1 17
 440            0x00,0x70,0x08,0x08,0x08,0x88,0x70,0x00,0x00,0x30,0x28,0x24,0x22,0x21,0x30,0x00,//2 18
 441            0x00,0x30,0x08,0x88,0x88,0x48,0x30,0x00,0x00,0x18,0x20,0x20,0x20,0x11,0x0E,0x00,//3 19
 442            0x00,0x00,0xC0,0x20,0x10,0xF8,0x00,0x00,0x00,0x07,0x04,0x24,0x24,0x3F,0x24,0x00,//4 20
 443            0x00,0xF8,0x08,0x88,0x88,0x08,0x08,0x00,0x00,0x19,0x21,0x20,0x20,0x11,0x0E,0x00,//5 21
 444            0x00,0xE0,0x10,0x88,0x88,0x18,0x00,0x00,0x00,0x0F,0x11,0x20,0x20,0x11,0x0E,0x00,//6 22
 445            0x00,0x38,0x08,0x08,0xC8,0x38,0x08,0x00,0x00,0x00,0x00,0x3F,0x00,0x00,0x00,0x00,//7 23
 446            0x00,0x70,0x88,0x08,0x08,0x88,0x70,0x00,0x00,0x1C,0x22,0x21,0x21,0x22,0x1C,0x00,//8 24
 447            0x00,0xE0,0x10,0x08,0x08,0x10,0xE0,0x00,0x00,0x00,0x31,0x22,0x22,0x11,0x0F,0x00,//9 25
 448            0x00,0x00,0x00,0xC0,0xC0,0x00,0x00,0x00,0x00,0x00,0x00,0x30,0x30,0x00,0x00,0x00,//: 26
 449            0x00,0x00,0x00,0x80,0x00,0x00,0x00,0x00,0x00,0x00,0x80,0x60,0x00,0x00,0x00,0x00,//; 27
 450            0x00,0x00,0x80,0x40,0x20,0x10,0x08,0x00,0x00,0x01,0x02,0x04,0x08,0x10,0x20,0x00,//< 28
 451            0x40,0x40,0x40,0x40,0x40,0x40,0x40,0x00,0x04,0x04,0x04,0x04,0x04,0x04,0x04,0x00,//= 29
 452            0x00,0x08,0x10,0x20,0x40,0x80,0x00,0x00,0x00,0x20,0x10,0x08,0x04,0x02,0x01,0x00,//> 30
 453            0x00,0x70,0x48,0x08,0x08,0x08,0xF0,0x00,0x00,0x00,0x00,0x30,0x36,0x01,0x00,0x00,//? 31
 454            0xC0,0x30,0xC8,0x28,0xE8,0x10,0xE0,0x00,0x07,0x18,0x27,0x24,0x23,0x14,0x0B,0x00,//@ 32
 455            0x00,0x00,0xC0,0x38,0xE0,0x00,0x00,0x00,0x20,0x3C,0x23,0x02,0x02,0x27,0x38,0x20,//A 33
 456            0x08,0xF8,0x88,0x88,0x88,0x70,0x00,0x00,0x20,0x3F,0x20,0x20,0x20,0x11,0x0E,0x00,//B 34
 457            0xC0,0x30,0x08,0x08,0x08,0x08,0x38,0x00,0x07,0x18,0x20,0x20,0x20,0x10,0x08,0x00,//C 35
 458            0x08,0xF8,0x08,0x08,0x08,0x10,0xE0,0x00,0x20,0x3F,0x20,0x20,0x20,0x10,0x0F,0x00,//D 36
 459            0x08,0xF8,0x88,0x88,0xE8,0x08,0x10,0x00,0x20,0x3F,0x20,0x20,0x23,0x20,0x18,0x00,//E 37
 460            0x08,0xF8,0x88,0x88,0xE8,0x08,0x10,0x00,0x20,0x3F,0x20,0x00,0x03,0x00,0x00,0x00,//F 38
 461            0xC0,0x30,0x08,0x08,0x08,0x38,0x00,0x00,0x07,0x18,0x20,0x20,0x22,0x1E,0x02,0x00,//G 39
 462            0x08,0xF8,0x08,0x00,0x00,0x08,0xF8,0x08,0x20,0x3F,0x21,0x01,0x01,0x21,0x3F,0x20,//H 40
 463            0x00,0x08,0x08,0xF8,0x08,0x08,0x00,0x00,0x00,0x20,0x20,0x3F,0x20,0x20,0x00,0x00,//I 41
 464            0x00,0x00,0x08,0x08,0xF8,0x08,0x08,0x00,0xC0,0x80,0x80,0x80,0x7F,0x00,0x00,0x00,//J 42
 465            0x08,0xF8,0x88,0xC0,0x28,0x18,0x08,0x00,0x20,0x3F,0x20,0x01,0x26,0x38,0x20,0x00,//K 43
 466            0x08,0xF8,0x08,0x00,0x00,0x00,0x00,0x00,0x20,0x3F,0x20,0x20,0x20,0x20,0x30,0x00,//L 44
 467            0x08,0xF8,0xF8,0x00,0xF8,0xF8,0x08,0x00,0x20,0x3F,0x00,0x3F,0x00,0x3F,0x20,0x00,//M 45
 468            0x08,0xF8,0x30,0xC0,0x00,0x08,0xF8,0x08,0x20,0x3F,0x20,0x00,0x07,0x18,0x3F,0x00,//N 46
 469            0xE0,0x10,0x08,0x08,0x08,0x10,0xE0,0x00,0x0F,0x10,0x20,0x20,0x20,0x10,0x0F,0x00,//O 47
 470            0x08,0xF8,0x08,0x08,0x08,0x08,0xF0,0x00,0x20,0x3F,0x21,0x01,0x01,0x01,0x00,0x00,//P 48
 471            0xE0,0x10,0x08,0x08,0x08,0x10,0xE0,0x00,0x0F,0x18,0x24,0x24,0x38,0x50,0x4F,0x00,//Q 49
 472            0x08,0xF8,0x88,0x88,0x88,0x88,0x70,0x00,0x20,0x3F,0x20,0x00,0x03,0x0C,0x30,0x20,//R 50
 473            0x00,0x70,0x88,0x08,0x08,0x08,0x38,0x00,0x00,0x38,0x20,0x21,0x21,0x22,0x1C,0x00,//S 51
 474            0x18,0x08,0x08,0xF8,0x08,0x08,0x18,0x00,0x00,0x00,0x20,0x3F,0x20,0x00,0x00,0x00,//T 52
 475            0x08,0xF8,0x08,0x00,0x00,0x08,0xF8,0x08,0x00,0x1F,0x20,0x20,0x20,0x20,0x1F,0x00,//U 53
 476            0x08,0x78,0x88,0x00,0x00,0xC8,0x38,0x08,0x00,0x00,0x07,0x38,0x0E,0x01,0x00,0x00,//V 54
 477            0xF8,0x08,0x00,0xF8,0x00,0x08,0xF8,0x00,0x03,0x3C,0x07,0x00,0x07,0x3C,0x03,0x00,//W 55
 478            0x08,0x18,0x68,0x80,0x80,0x68,0x18,0x08,0x20,0x30,0x2C,0x03,0x03,0x2C,0x30,0x20,//X 56
 479            0x08,0x38,0xC8,0x00,0xC8,0x38,0x08,0x00,0x00,0x00,0x20,0x3F,0x20,0x00,0x00,0x00,//Y 57
 480            0x10,0x08,0x08,0x08,0xC8,0x38,0x08,0x00,0x20,0x38,0x26,0x21,0x20,0x20,0x18,0x00,//Z 58
 481            0x00,0x00,0x00,0xFE,0x02,0x02,0x02,0x00,0x00,0x00,0x00,0x7F,0x40,0x40,0x40,0x00,//[ 59
 482            0x00,0x0C,0x30,0xC0,0x00,0x00,0x00,0x00,0x00,0x00,0x00,0x01,0x06,0x38,0xC0,0x00,//\ 60
 483            0x00,0x02,0x02,0x02,0xFE,0x00,0x00,0x00,0x00,0x40,0x40,0x40,0x7F,0x00,0x00,0x00,//] 61
 484            0x00,0x00,0x04,0x02,0x02,0x02,0x04,0x00,0x00,0x00,0x00,0x00,0x00,0x00,0x00,0x00,//^ 62
 485            0x00,0x00,0x00,0x00,0x00,0x00,0x00,0x00,0x80,0x80,0x80,0x80,0x80,0x80,0x80,0x80,//_ 63
 486            0x00,0x02,0x02,0x04,0x00,0x00,0x00,0x00,0x00,0x00,0x00,0x00,0x00,0x00,0x00,0x00,//` 64
 487            0x00,0x00,0x80,0x80,0x80,0x80,0x00,0x00,0x00,0x19,0x24,0x22,0x22,0x22,0x3F,0x20,//a 65
 488            0x08,0xF8,0x00,0x80,0x80,0x00,0x00,0x00,0x00,0x3F,0x11,0x20,0x20,0x11,0x0E,0x00,//b 66
C51 COMPILER V9.52.0.0   OLED                                                              05/19/2015 16:46:47 PAGE 9   

 489            0x00,0x00,0x00,0x80,0x80,0x80,0x00,0x00,0x00,0x0E,0x11,0x20,0x20,0x20,0x11,0x00,//c 67
 490            0x00,0x00,0x00,0x80,0x80,0x88,0xF8,0x00,0x00,0x0E,0x11,0x20,0x20,0x10,0x3F,0x20,//d 68
 491            0x00,0x00,0x80,0x80,0x80,0x80,0x00,0x00,0x00,0x1F,0x22,0x22,0x22,0x22,0x13,0x00,//e 69
 492            0x00,0x80,0x80,0xF0,0x88,0x88,0x88,0x18,0x00,0x20,0x20,0x3F,0x20,0x20,0x00,0x00,//f 70
 493            0x00,0x00,0x80,0x80,0x80,0x80,0x80,0x00,0x00,0x6B,0x94,0x94,0x94,0x93,0x60,0x00,//g 71
 494            0x08,0xF8,0x00,0x80,0x80,0x80,0x00,0x00,0x20,0x3F,0x21,0x00,0x00,0x20,0x3F,0x20,//h 72
 495            0x00,0x80,0x98,0x98,0x00,0x00,0x00,0x00,0x00,0x20,0x20,0x3F,0x20,0x20,0x00,0x00,//i 73
 496            0x00,0x00,0x00,0x80,0x98,0x98,0x00,0x00,0x00,0xC0,0x80,0x80,0x80,0x7F,0x00,0x00,//j 74
 497            0x08,0xF8,0x00,0x00,0x80,0x80,0x80,0x00,0x20,0x3F,0x24,0x02,0x2D,0x30,0x20,0x00,//k 75
 498            0x00,0x08,0x08,0xF8,0x00,0x00,0x00,0x00,0x00,0x20,0x20,0x3F,0x20,0x20,0x00,0x00,//l 76
 499            0x80,0x80,0x80,0x80,0x80,0x80,0x80,0x00,0x20,0x3F,0x20,0x00,0x3F,0x20,0x00,0x3F,//m 77
 500            0x80,0x80,0x00,0x80,0x80,0x80,0x00,0x00,0x20,0x3F,0x21,0x00,0x00,0x20,0x3F,0x20,//n 78
 501            0x00,0x00,0x80,0x80,0x80,0x80,0x00,0x00,0x00,0x1F,0x20,0x20,0x20,0x20,0x1F,0x00,//o 79
 502            0x80,0x80,0x00,0x80,0x80,0x00,0x00,0x00,0x80,0xFF,0xA1,0x20,0x20,0x11,0x0E,0x00,//p 80
 503            0x00,0x00,0x00,0x80,0x80,0x80,0x80,0x00,0x00,0x0E,0x11,0x20,0x20,0xA0,0xFF,0x80,//q 81
 504            0x80,0x80,0x80,0x00,0x80,0x80,0x80,0x00,0x20,0x20,0x3F,0x21,0x20,0x00,0x01,0x00,//r 82
 505            0x00,0x00,0x80,0x80,0x80,0x80,0x80,0x00,0x00,0x33,0x24,0x24,0x24,0x24,0x19,0x00,//s 83
 506            0x00,0x80,0x80,0xE0,0x80,0x80,0x00,0x00,0x00,0x00,0x00,0x1F,0x20,0x20,0x00,0x00,//t 84
 507            0x80,0x80,0x00,0x00,0x00,0x80,0x80,0x00,0x00,0x1F,0x20,0x20,0x20,0x10,0x3F,0x20,//u 85
 508            0x80,0x80,0x80,0x00,0x00,0x80,0x80,0x80,0x00,0x01,0x0E,0x30,0x08,0x06,0x01,0x00,//v 86
 509            0x80,0x80,0x00,0x80,0x00,0x80,0x80,0x80,0x0F,0x30,0x0C,0x03,0x0C,0x30,0x0F,0x00,//w 87
 510            0x00,0x80,0x80,0x00,0x80,0x80,0x80,0x00,0x00,0x20,0x31,0x2E,0x0E,0x31,0x20,0x00,//x 88
 511            0x80,0x80,0x80,0x00,0x00,0x80,0x80,0x80,0x80,0x81,0x8E,0x70,0x18,0x06,0x01,0x00,//y 89
 512            0x00,0x80,0x80,0x80,0x80,0x80,0x80,0x00,0x00,0x21,0x30,0x2C,0x22,0x21,0x30,0x00,//z 90
 513            0x00,0x00,0x00,0x00,0x80,0x7C,0x02,0x02,0x00,0x00,0x00,0x00,0x00,0x3F,0x40,0x40,//{ 91
 514            0x00,0x00,0x00,0x00,0xFF,0x00,0x00,0x00,0x00,0x00,0x00,0x00,0xFF,0x00,0x00,0x00,//| 92
 515            0x00,0x02,0x02,0x7C,0x80,0x00,0x00,0x00,0x00,0x40,0x40,0x3F,0x00,0x00,0x00,0x00,//} 93
 516            0x00,0x06,0x01,0x01,0x02,0x02,0x04,0x04,0x00,0x00,0x00,0x00,0x00,0x00,0x00,0x00,//~ 94
 517          };
 518          
 519          ////////////////////////////////////////////////////////
 520          //16*16的点阵字体取模方式：共阴――列行式――逆向输出
 521          unsigned char code F16x16[] =
 522          
 523          {       
 524          0x00,0x00,0x00,0x00,0x01,0x83,0x76,0x18,0x60,0x80,0x00,0x00,0x00,0x00,0x00,0x00,
 525          0x40,0x20,0x10,0x08,0x06,0x01,0x00,0x00,0x00,0x00,0x03,0x04,0x18,0x30,0x10,0x00,//入
 526          
 527          0x00,0x00,0xF8,0x01,0x06,0x00,0x02,0x02,0x02,0x02,0x02,0x02,0x02,0xFE,0x00,0x00,
 528          0x00,0x00,0xFF,0x00,0x00,0x00,0x00,0x00,0x00,0x00,0x00,0x40,0x80,0x7F,0x00,0x00,//门
 529          
 530          0x00,0x04,0x84,0x44,0xE4,0x34,0x2C,0x27,0x24,0x24,0x24,0xE4,0x04,0x04,0x04,0x00,
 531          0x02,0x01,0x00,0x00,0xFF,0x09,0x09,0x09,0x29,0x49,0xC9,0x7F,0x00,0x00,0x00,0x00,//有
 532          
 533          0x00,0x00,0xFC,0x24,0x24,0xA4,0x64,0x3D,0x26,0xE4,0x24,0x24,0x24,0x24,0x04,0x00,
 534          0x80,0x60,0x1F,0x08,0x09,0x0B,0x09,0x09,0x09,0xFF,0x09,0x09,0x09,0x09,0x08,0x00,//库
 535          };
 536          
 537          
 538          unsigned char code BMP1[] =
 539          {
 540                  0x00,0x03,0x05,0x09,0x11,0xFF,0x11,0x89,0x05,0xC3,0x00,0xE0,0x00,0xF0,0x00,0xF8,
 541                  0x00,0x00,0x00,0x00,0x00,0x00,0x00,0x44,0x28,0xFF,0x11,0xAA,0x44,0x00,0x00,0x00,
 542                  0x00,0x00,0x00,0x00,0x00,0x00,0x00,0x00,0x00,0x00,0x00,0x00,0x00,0x00,0x00,0x00,
 543                  0x00,0x00,0x00,0x00,0x00,0x00,0x00,0x00,0x00,0x00,0x00,0x00,0x00,0x00,0x00,0x00,
 544                  0x00,0x00,0x00,0x00,0x00,0x00,0x00,0x00,0x00,0x00,0x00,0x00,0x00,0x00,0x00,0x00,
 545                  0x00,0x00,0x00,0x00,0x00,0x00,0x00,0x00,0x00,0x00,0x83,0x01,0x38,0x44,0x82,0x92,
 546                  0x92,0x74,0x01,0x83,0x00,0x00,0x00,0x00,0x00,0x00,0x00,0x7C,0x44,0xC7,0x01,0x7D,
 547                  0x7D,0x7D,0x7D,0x01,0x7D,0x7D,0x7D,0x7D,0x01,0x7D,0x7D,0x7D,0x7D,0x01,0xFF,0x00,
 548                  0x00,0x00,0x00,0x00,0x00,0x01,0x00,0x01,0x00,0x01,0x00,0x01,0x00,0x01,0x00,0x01,
 549                  0x00,0x00,0x00,0x00,0x00,0x00,0x00,0x00,0x00,0x01,0x01,0x00,0x00,0x00,0x00,0x00,
 550                  0x00,0x00,0x00,0x00,0x00,0x00,0x00,0x00,0x00,0x00,0x00,0x00,0x00,0x00,0x00,0x00,
C51 COMPILER V9.52.0.0   OLED                                                              05/19/2015 16:46:47 PAGE 10  

 551                  0x00,0x00,0x00,0x00,0x00,0x00,0x00,0x00,0x00,0x00,0x00,0x00,0x00,0x00,0x00,0x00,
 552                  0x00,0x00,0x00,0x00,0x00,0x00,0x00,0x00,0x00,0x00,0x00,0x00,0x00,0x00,0x00,0x00,
 553                  0x00,0x00,0x00,0x00,0x00,0x00,0x00,0x00,0x00,0x00,0x01,0x01,0x00,0x00,0x00,0x00,
 554                  0x00,0x00,0x01,0x01,0x00,0x00,0x00,0x00,0x00,0x00,0x00,0x00,0x00,0x01,0x01,0x01,
 555                  0x01,0x01,0x01,0x01,0x01,0x01,0x01,0x01,0x01,0x01,0x01,0x01,0x01,0x01,0x01,0x00,
 556                  0x00,0x00,0x00,0x00,0x00,0x00,0x00,0x00,0x00,0x40,0x40,0x40,0x40,0x40,0x00,0x00,
 557                  0x6D,0x6D,0x6D,0x6D,0x6D,0x00,0x00,0x60,0x60,0x60,0x60,0x60,0x00,0x00,0x40,0x40,
 558                  0x40,0x40,0x40,0x00,0x00,0x00,0x00,0x00,0x00,0x00,0x00,0x00,0x00,0x00,0x00,0x00,
 559                  0x00,0x00,0x00,0x00,0x00,0x00,0x00,0x00,0x00,0x00,0x00,0x00,0x00,0x00,0x00,0x00,
 560                  0x00,0x00,0x00,0x00,0x00,0x00,0x00,0x00,0x00,0x00,0x00,0x00,0x00,0x00,0x00,0x00,
 561                  0x00,0x00,0x00,0x00,0x00,0x00,0x00,0x00,0x00,0x00,0x00,0x00,0x00,0x00,0x00,0x00,
 562                  0x00,0x00,0x00,0x00,0x00,0x00,0x00,0x00,0x00,0x00,0x00,0x00,0x00,0x00,0x00,0x00,
 563                  0x00,0x00,0x00,0x00,0x00,0x00,0x00,0x00,0x00,0x00,0x00,0x00,0x00,0x00,0x00,0x00,
 564                  0x00,0x00,0x00,0x00,0x00,0x00,0x00,0x00,0x00,0xDB,0xDB,0xDB,0xDB,0xDB,0x00,0x00,
 565                  0xDB,0xDB,0xDB,0xDB,0xDB,0x00,0x00,0xDB,0xDB,0xDB,0xDB,0xDB,0x00,0x00,0xDB,0xDB,
 566                  0xDB,0xDB,0xDB,0x00,0x00,0xDA,0xDA,0xDA,0xDA,0xDA,0x00,0x00,0xD8,0xD8,0xD8,0xD8,
 567                  0xD8,0x00,0x00,0xC0,0xC0,0xC0,0xC0,0xC0,0x00,0x00,0xC0,0xC0,0xC0,0xC0,0xC0,0x00,
 568                  0x00,0xC0,0xC0,0xC0,0xC0,0xC0,0x00,0x00,0xC0,0xC0,0xC0,0xC0,0xC0,0x00,0x00,0x80,
 569                  0x80,0x80,0x80,0x80,0x00,0x00,0x00,0x00,0x00,0x00,0x00,0x00,0x00,0x00,0x00,0x00,
 570                  0x00,0x00,0x00,0x00,0x00,0x00,0x00,0x00,0x00,0x00,0x00,0x00,0x00,0x00,0x00,0x00,
 571                  0x00,0x00,0x00,0x00,0x00,0x00,0x00,0x00,0x00,0x00,0x00,0x00,0x00,0x00,0x00,0x00,
 572                  0x00,0x00,0x00,0x00,0x00,0x00,0x00,0x00,0x00,0x06,0x06,0x06,0x06,0x06,0x00,0x00,
 573                  0x06,0x06,0x06,0x06,0x06,0x00,0x00,0x06,0x06,0x06,0x06,0x06,0x00,0x00,0x06,0x06,
 574                  0x06,0x06,0x06,0x00,0x00,0x06,0x06,0x06,0xE6,0x66,0x20,0x00,0x06,0x06,0x86,0x06,
 575                  0x06,0x00,0x00,0x06,0x06,0x06,0x06,0x86,0x00,0x00,0x06,0x06,0x06,0x06,0x06,0x00,
 576                  0x00,0x86,0x86,0x86,0x86,0x86,0x80,0x80,0x86,0x86,0x06,0x86,0x86,0xC0,0xC0,0x86,
 577                  0x86,0x86,0x06,0x06,0xD0,0x30,0x76,0x06,0x06,0x06,0x06,0x00,0x00,0x06,0x06,0x06,
 578                  0x06,0x06,0x00,0x00,0x06,0x06,0x06,0x06,0x06,0x00,0x00,0x06,0x06,0x06,0x06,0x06,
 579                  0x00,0x00,0x06,0x06,0x06,0x06,0x06,0x00,0x00,0x00,0x00,0x00,0x00,0x00,0x00,0x00,
 580                  0x00,0x00,0x00,0x00,0x00,0x00,0x00,0x00,0x00,0x00,0x00,0x00,0x00,0x00,0x00,0x00,
 581                  0x00,0x00,0x00,0x00,0x00,0x00,0x00,0x00,0x00,0x00,0x00,0x00,0x00,0x00,0x00,0x00,
 582                  0x00,0x00,0x00,0x00,0x00,0x00,0x00,0x00,0x00,0x00,0x60,0x1C,0x00,0xFE,0x00,0x01,
 583                  0x02,0x00,0xC4,0x18,0x20,0x02,0x9E,0x63,0xB2,0x0E,0x00,0xFF,0x81,0x81,0xFF,0x00,
 584                  0x00,0x80,0x40,0x30,0x0F,0x00,0x00,0x00,0x00,0xFF,0x00,0x23,0xEA,0xAA,0xBF,0xAA,
 585                  0xEA,0x03,0x3F,0x00,0xFF,0x00,0x00,0x00,0x00,0x00,0x00,0x00,0x00,0x00,0x00,0x00,
 586                  0x00,0x00,0x00,0x00,0x00,0x00,0x00,0x00,0x00,0x00,0x00,0x00,0x00,0x00,0x00,0x00,
 587                  0x00,0x00,0x00,0x00,0x00,0x00,0x00,0x00,0x00,0x00,0x00,0x00,0x00,0x00,0x00,0x00,
 588                  0x00,0x00,0x00,0x80,0x80,0x80,0x00,0x00,0x00,0x00,0x00,0x80,0x80,0x80,0x00,0x00,
 589                  0x00,0x00,0x00,0x00,0x00,0x00,0x00,0x00,0x00,0x00,0x00,0x00,0x00,0x00,0x00,0x00,
 590                  0x00,0x00,0x00,0x00,0x00,0x00,0x00,0x00,0x0E,0x0C,0x08,0x00,0x00,0x01,0x01,0x01,
 591                  0x01,0x01,0x00,0x00,0x00,0x01,0x00,0x00,0x00,0x01,0x00,0x81,0x80,0x80,0x81,0x80,
 592                  0x81,0x80,0x80,0x80,0x80,0x01,0x01,0x01,0x01,0x00,0x00,0x00,0x01,0x00,0x00,0x00,
 593                  0x01,0x00,0x01,0x01,0x09,0x0C,0x0E,0x00,0x00,0x00,0x00,0x00,0x00,0x00,0x00,0x00,
 594                  0x00,0x00,0x00,0x00,0x00,0x00,0x00,0x00,0xC0,0xC0,0xC0,0xC0,0xC0,0xC0,0xC0,0xC0,
 595                  0xC0,0xC0,0xC0,0xC0,0xC0,0xC0,0xC0,0xC0,0xC0,0xC0,0xC0,0xC0,0xC0,0xC0,0xC0,0x00,
 596                  0x00,0x1E,0x21,0x40,0x40,0x50,0x21,0x5E,0x00,0x1E,0x21,0x40,0x40,0x50,0x21,0x5E,
 597                  0x00,0x00,0x00,0x00,0x00,0x00,0x00,0x00,0x00,0x00,0x00,0x00,0x00,0x00,0x00,0x00,
 598                  0x00,0x00,0x00,0x00,0x00,0x00,0x00,0x00,0x00,0x00,0x00,0x00,0x00,0x00,0x00,0x00,
 599                  0x00,0x00,0x00,0x00,0x00,0x00,0x00,0x00,0x00,0x00,0x00,0xFF,0xFF,0xC1,0xC1,0xFF,
 600                  0xFF,0xC1,0xC1,0xFF,0xFF,0x00,0x00,0x00,0x00,0x00,0x00,0x00,0x00,0x00,0x00,0x00,
 601                  0x00,0x00,0x00,0x00,0x00,0x00,0x00,0x00,0x00,0x00,0x00,0x00,0x00,0x00,0x00,0x00,
 602                  0x00,0x00,0x00,0x00,0x00,0x00,0x00,0x00,0xFF,0xFF,0x80,0xFC,0xF3,0xEF,0xF3,0xFC,
 603                  0x80,0xFF,0x80,0xEE,0xEE,0xEE,0xF5,0xFB,0xFF,0x9C,0xBE,0xB6,0xB6,0x88,0xFF,0x00,
 604          };
 605          
 606          
 607          
 608          
 609          
 610          


C51 COMPILER V9.52.0.0   OLED                                                              05/19/2015 16:46:47 PAGE 11  

MODULE INFORMATION:   STATIC OVERLAYABLE
   CODE SIZE        =   1015    ----
   CONSTANT SIZE    =   3224    ----
   XDATA SIZE       =   ----      29
   PDATA SIZE       =   ----    ----
   DATA SIZE        =   ----    ----
   IDATA SIZE       =   ----    ----
   BIT SIZE         =   ----    ----
END OF MODULE INFORMATION.


C51 COMPILATION COMPLETE.  0 WARNING(S),  0 ERROR(S)
