C51 COMPILER V9.52.0.0   RST                                                               05/19/2015 16:46:48 PAGE 1   


C51 COMPILER V9.52.0.0, COMPILATION OF MODULE RST
OBJECT MODULE PLACED IN .\OUTPUT\rst.obj
COMPILER INVOKED BY: D:\Program Files\KeilC51v5\C51\BIN\C51.EXE ..\STC_LIB\rst.c LARGE BROWSE DEBUG OBJECTEXTEND PRINT(.
                    -\LIST\rst.lst) OBJECT(.\OUTPUT\rst.obj)

line level    source

   1          
   2          #include        "rst.h"
   3          
   4          ///////////////////////////////////////
   5          //软件复位函数
   6          void RST_EN(u8 SWBS_N)
   7          {
   8   1          switch(SWBS_N)
   9   1          {
  10   2              case SWBS_USER://复位后从用户应用程序区启动
  11   2              IAP_CONTR&=(~(1<<6));    
  12   2              break;
  13   2              
  14   2              case SWBS_ISP://复位后从系统ISP监控程序区启动
  15   2              IAP_CONTR|=(1<<6);        
  16   2              break;
  17   2          }
  18   1          IAP_CONTR|=(1<<5);   
  19   1      }
  20          
  21          
  22          


MODULE INFORMATION:   STATIC OVERLAYABLE
   CODE SIZE        =     19    ----
   CONSTANT SIZE    =   ----    ----
   XDATA SIZE       =   ----    ----
   PDATA SIZE       =   ----    ----
   DATA SIZE        =   ----    ----
   IDATA SIZE       =   ----    ----
   BIT SIZE         =   ----    ----
END OF MODULE INFORMATION.


C51 COMPILATION COMPLETE.  0 WARNING(S),  0 ERROR(S)
