C51 COMPILER V9.56.0.0   MAIN                                                              09/18/2017 13:41:35 PAGE 1   


C51 COMPILER V9.56.0.0, COMPILATION OF MODULE MAIN
OBJECT MODULE PLACED IN main.OBJ
COMPILER INVOKED BY: C:\Keil_v5\C51\BIN\C51.EXE main.c OPTIMIZE(8,SPEED) BROWSE DEBUG OBJECTEXTEND TABS(2)

line level    source

   1          #include "reg51.h"
   2          #define TIMS 3036
   3          sfr AUXR  =0x8E;
   4          sfr P6 =0xE8;
   5          void timer_0() interrupt 1
   6          {
   7   1        P6=~P6;
   8   1      }
   9          main()
  10          {
  11   1        TL0=TIMS;
  12   1        TH0=TIMS>>8;
  13   1        AUXR&=0x7F;
  14   1        TMOD=0x08;
  15   1        P6=0;
  16   1        TR0=1;
  17   1        ET0=1;
  18   1        EA=1;
  19   1        while(1);
  20   1      }


MODULE INFORMATION:   STATIC OVERLAYABLE
   CODE SIZE        =     27    ----
   CONSTANT SIZE    =   ----    ----
   XDATA SIZE       =   ----    ----
   PDATA SIZE       =   ----    ----
   DATA SIZE        =   ----    ----
   IDATA SIZE       =   ----    ----
   BIT SIZE         =   ----    ----
END OF MODULE INFORMATION.


C51 COMPILATION COMPLETE.  0 WARNING(S),  0 ERROR(S)
