C51 COMPILER V9.56.0.0   MAIN                                                              10/03/2017 20:57:38 PAGE 1   


C51 COMPILER V9.56.0.0, COMPILATION OF MODULE MAIN
OBJECT MODULE PLACED IN .\Objects\main.obj
COMPILER INVOKED BY: C:\Keil_v5\C51\BIN\C51.EXE main.c OPTIMIZE(8,SPEED) BROWSE DEBUG OBJECTEXTEND PRINT(.\Listings\main
                    -.lst) TABS(2) OBJECT(.\Objects\main.obj)

line level    source

   1          #include "pwm_register.h"
   2          
   3          void main()
   4          {
   5   1        enable_xsfr();
   6   1        pwm_clock_speed(0xf);
   7   1        set_pwm_period(0xBFF);
   8   1        set_pwm1_T1_T2_point(0xB7F,0x8FF);
   9   1        set_pwm3_T1_T2_point(0x27F,0xBFF);
  10   1        set_pwm5_T1_T2_point(0x57F,0x2FF);
  11   1        set_pwm7_T1_T2_point(0x87F,0x5FF);
  12   1        enable_pwm1();
  13   1        enable_pwm3();
  14   1        enable_pwm5();
  15   1        enable_pwm7();
  16   1        disable_xsfr();
  17   1        enable_pwm();
  18   1        while (1);
  19   1      }


MODULE INFORMATION:   STATIC OVERLAYABLE
   CODE SIZE        =     79    ----
   CONSTANT SIZE    =   ----    ----
   XDATA SIZE       =   ----    ----
   PDATA SIZE       =   ----    ----
   DATA SIZE        =   ----    ----
   IDATA SIZE       =   ----    ----
   BIT SIZE         =   ----    ----
END OF MODULE INFORMATION.


C51 COMPILATION COMPLETE.  0 WARNING(S),  0 ERROR(S)
