C51 COMPILER V9.56.0.0   MAIN                                                              09/11/2017 17:29:13 PAGE 1   


C51 COMPILER V9.56.0.0, COMPILATION OF MODULE MAIN
OBJECT MODULE PLACED IN main.OBJ
COMPILER INVOKED BY: C:\Keil_v5\C51\BIN\C51.EXE main.c OPTIMIZE(8,SPEED) BROWSE DEBUG OBJECTEXTEND TABS(2)

line level    source

   1          #include "reg51.h"
   2          #include "intrins.h"
   3          sfr WKTCL=0xAA;
   4          sfr WKTCH=0xAB;
   5          sfr P6=0xE8;
   6          
   7          void main()
   8          {
   9   1        WKTCL=255;
  10   1        WKTCH=0x80;
  11   1        P6=0x00;
  12   1        while(1)
  13   1        {   
  14   2          P6=~P6;
  15   2          PCON|=0x02; 
  16   2           _nop_();
  17   2           _nop_();
  18   2      
  19   2        }   
  20   1      }


MODULE INFORMATION:   STATIC OVERLAYABLE
   CODE SIZE        =     19    ----
   CONSTANT SIZE    =   ----    ----
   XDATA SIZE       =   ----    ----
   PDATA SIZE       =   ----    ----
   DATA SIZE        =   ----    ----
   IDATA SIZE       =   ----    ----
   BIT SIZE         =   ----    ----
END OF MODULE INFORMATION.


C51 COMPILATION COMPLETE.  0 WARNING(S),  0 ERROR(S)
