C51 COMPILER V9.56.0.0   MAIN                                                              09/11/2017 14:51:14 PAGE 1   


C51 COMPILER V9.56.0.0, COMPILATION OF MODULE MAIN
OBJECT MODULE PLACED IN .\Objects\main.obj
COMPILER INVOKED BY: C:\Keil_v5\C51\BIN\C51.EXE main.c OPTIMIZE(8,SPEED) BROWSE DEBUG OBJECTEXTEND PRINT(.\Listings\main
                    -.lst) TABS(2) OBJECT(.\Objects\main.obj)

line level    source

   1          #include "reg51.h"                                     
   2          #define CKSEL     (*(unsigned char volatile xdata *)0xFE00)  
   3          #define IRC32KCR  (*(unsigned char volatile xdata *)0xFE04) 
   4          sfr P_SW2=0xba;
   5          
   6          void main()
   7          {
   8   1      P_SW2=0x80; 
   9   1      IRC32KCR=0x80;
  10   1      while(!(IRC32KCR & 1));
  11   1      CKSEL=0x13;    
  12   1      P_SW2=0x00;    
  13   1      while(1);         
  14   1      }


MODULE INFORMATION:   STATIC OVERLAYABLE
   CODE SIZE        =     27    ----
   CONSTANT SIZE    =   ----    ----
   XDATA SIZE       =   ----    ----
   PDATA SIZE       =   ----    ----
   DATA SIZE        =   ----    ----
   IDATA SIZE       =   ----    ----
   BIT SIZE         =   ----    ----
END OF MODULE INFORMATION.


C51 COMPILATION COMPLETE.  0 WARNING(S),  0 ERROR(S)
