C51 COMPILER V9.56.0.0   MAIN                                                              10/19/2017 22:47:29 PAGE 1   


C51 COMPILER V9.56.0.0, COMPILATION OF MODULE MAIN
OBJECT MODULE PLACED IN main.OBJ
COMPILER INVOKED BY: C:\Keil_v5\C51\BIN\C51.EXE main.c OPTIMIZE(8,SPEED) BROWSE DEBUG OBJECTEXTEND TABS(2)

line level    source

   1          #include "reg51.h"
   2          
   3          sfr P6=0xE8;
   4          sfr IPH=0xB7;
   5          unsigned char i=0xFF;
   6          bit busy=1;
   7          
   8          servivce_int0() interrupt 0
   9          {
  10   1         busy=0;
  11   1      }
  12          
  13          servivce_int1() interrupt 2
  14          {
  15   1         IT1=0;
  16   1         while(busy);
  17   1         busy=1;
  18   1         i--;
  19   1         P6=i;
  20   1         IT1=1;
  21   1      }
  22          
  23          void main()
  24          {
  25   1        IP=0x01;
  26   1        IPH=0x01;
  27   1        IT0=1;
  28   1        EX0=1;
  29   1        IT1=1;
  30   1        EX1=1;
  31   1        EA=1;
  32   1        P6=0xFF;
  33   1        while(1);
  34   1      }


MODULE INFORMATION:   STATIC OVERLAYABLE
   CODE SIZE        =     39    ----
   CONSTANT SIZE    =   ----    ----
   XDATA SIZE       =   ----    ----
   PDATA SIZE       =   ----    ----
   DATA SIZE        =      1    ----
   IDATA SIZE       =   ----    ----
   BIT SIZE         =      1    ----
END OF MODULE INFORMATION.


C51 COMPILATION COMPLETE.  0 WARNING(S),  0 ERROR(S)
