C51 COMPILER V9.56.0.0   MAIN                                                              09/18/2017 13:36:42 PAGE 1   


C51 COMPILER V9.56.0.0, COMPILATION OF MODULE MAIN
OBJECT MODULE PLACED IN main.OBJ
COMPILER INVOKED BY: C:\Keil_v5\C51\BIN\C51.EXE main.c OPTIMIZE(8,SPEED) BROWSE DEBUG OBJECTEXTEND TABS(2)

line level    source

   1          #include "reg51.h"
   2          #define TIMS 3036
   3          #define CLKDIV (*(unsigned char volatile xdata *)0xfe01) 
   4          sfr AUXR  =0x8E;
   5          sfr AUXR2 =0x8F;
   6          sfr P6=0xE8;
   7          sfr P_SW2= 0xba;
   8          void timer_0() interrupt 1
   9          {
  10   1        P6=~P6;
  11   1      }
  12          main()
  13          {
  14   1        P_SW2=0x80;
  15   1        CLKDIV=0x10;
  16   1        P_SW2=0x00;
  17   1        TL0=TIMS;
  18   1        TH0=TIMS>>8;
  19   1        AUXR&=0x7F;
  20   1        AUXR2|=0x01;
  21   1        TMOD=0x00;
  22   1        P6=0;
  23   1        TR0=1;
  24   1        ET0=1;
  25   1        EA=1;
  26   1        while(1);
  27   1      }


MODULE INFORMATION:   STATIC OVERLAYABLE
   CODE SIZE        =     40    ----
   CONSTANT SIZE    =   ----    ----
   XDATA SIZE       =   ----    ----
   PDATA SIZE       =   ----    ----
   DATA SIZE        =   ----    ----
   IDATA SIZE       =   ----    ----
   BIT SIZE         =   ----    ----
END OF MODULE INFORMATION.


C51 COMPILATION COMPLETE.  0 WARNING(S),  0 ERROR(S)
