C51 COMPILER V9.56.0.0   MAIN                                                              09/11/2017 15:29:02 PAGE 1   


C51 COMPILER V9.56.0.0, COMPILATION OF MODULE MAIN
OBJECT MODULE PLACED IN main.OBJ
COMPILER INVOKED BY: C:\Keil_v5\C51\BIN\C51.EXE main.c OPTIMIZE(8,SPEED) BROWSE DEBUG OBJECTEXTEND TABS(2)

line level    source

   1          #include "reg51.h"
   2          sfr  IAP_CONTR=0xc7;
   3          sfr  P6=0xE8;
   4          
   5          void main()
   6          {
   7   1        long unsigned int j;
   8   1          P6=0x00;
   9   1          for(j=0;j<999999;j++);
  10   1          P6=0xFF;
  11   1          for(j=0;j<999999;j++);
  12   1          P6=0x00;
  13   1          for(j=0;j<999999;j++);
  14   1          IAP_CONTR=0x60;
  15   1      }


MODULE INFORMATION:   STATIC OVERLAYABLE
   CODE SIZE        =    173    ----
   CONSTANT SIZE    =   ----    ----
   XDATA SIZE       =   ----    ----
   PDATA SIZE       =   ----    ----
   DATA SIZE        =   ----       4
   IDATA SIZE       =   ----    ----
   BIT SIZE         =   ----    ----
END OF MODULE INFORMATION.


C51 COMPILATION COMPLETE.  0 WARNING(S),  0 ERROR(S)
