C51 COMPILER V9.56.0.0   MAIN                                                              10/03/2017 18:00:32 PAGE 1   


C51 COMPILER V9.56.0.0, COMPILATION OF MODULE MAIN
OBJECT MODULE PLACED IN .\Objects\main.obj
COMPILER INVOKED BY: C:\Keil_v5\C51\BIN\C51.EXE main.c OPTIMIZE(8,SPEED) BROWSE DEBUG OBJECTEXTEND PRINT(.\Listings\main
                    -.lst) TABS(2) OBJECT(.\Objects\main.obj)

line level    source

   1          #include "reg51.h"
   2          sfr P2M0=0x96;
   3          sfr P2M1=0x95;
   4          
   5          unsigned char Step_table[]={0x80,0x20,0x08,0x02};
   6          void delay(unsigned int a)
   7          {
   8   1       while(a--);
   9   1      }
  10          void main()
  11          {
  12   1         unsigned char i;
  13   1         P2M0=0;
  14   1         P2M1=0;
  15   1         while(1)
  16   1         {
  17   2         for(i=0;i<4;i++)
  18   2            {
  19   3              P2=Step_table[i];
  20   3              delay(2000);
  21   3            }
  22   2         }
  23   1      }


MODULE INFORMATION:   STATIC OVERLAYABLE
   CODE SIZE        =     38    ----
   CONSTANT SIZE    =   ----    ----
   XDATA SIZE       =   ----    ----
   PDATA SIZE       =   ----    ----
   DATA SIZE        =      4    ----
   IDATA SIZE       =   ----    ----
   BIT SIZE         =   ----    ----
END OF MODULE INFORMATION.


C51 COMPILATION COMPLETE.  0 WARNING(S),  0 ERROR(S)
