C51 COMPILER V9.56.0.0   MAIN                                                              09/10/2017 15:45:28 PAGE 1   


C51 COMPILER V9.56.0.0, COMPILATION OF MODULE MAIN
OBJECT MODULE PLACED IN .\Objects\main.obj
COMPILER INVOKED BY: C:\Keil_v5\C51\BIN\C51.EXE main.c OPTIMIZE(8,SPEED) BROWSE DEBUG OBJECTEXTEND PRINT(.\Listings\main
                    -.lst) TABS(2) OBJECT(.\Objects\main.obj)

line level    source

   1          #include "reg51.h"
   2          #include "intrins.h"
   3          
   4          sfr P6=0xE8;
   5          char control[8]={0xFE,0xFD,0xFB,0xF7,0xEF,0xDF,0xBF,0x7F};
   6          void delay(long int m)
   7          {
   8   1        long int n=0;
   9   1        for(n=0;n<m;n++)
  10   1          _nop_();
  11   1      }
  12          
  13          void main()
  14          {
  15   1        int i=0,j=0;
  16   1        while(1)
  17   1        {
  18   2          for(i=0;i<10;i++)
  19   2          {
  20   3             P6=0xAA;
  21   3             delay(50000);
  22   3             P6=0x55;
  23   3             delay(50000);
  24   3          }
  25   2          for(i=0;i<10;i++)
  26   2          {
  27   3            for(j=0;j<8;j++)
  28   3              {
  29   4               P6=control[j];
  30   4               delay(50000);
  31   4              }
  32   3          }
  33   2          for(i=0;i<10;i++)
  34   2          {
  35   3            P6=0xFF;
  36   3            delay(50000);
  37   3            P6=0x00;
  38   3            delay(50000);
  39   3          } 
  40   2          for(i=0;i<1000;i++)
  41   2          {
  42   3            P6=0xFF;
  43   3            delay(i);
  44   3            P6=0x00;
  45   3            delay(1000-i);
  46   3          }
  47   2            for(i=0;i<1000;i++)
  48   2          {
  49   3            P6=0x00;
  50   3            delay(i);
  51   3            P6=0xFF;
  52   3            delay(1000-i);
  53   3          }
  54   2        }
C51 COMPILER V9.56.0.0   MAIN                                                              09/10/2017 15:45:28 PAGE 2   

  55   1            
  56   1      }


MODULE INFORMATION:   STATIC OVERLAYABLE
   CODE SIZE        =    361    ----
   CONSTANT SIZE    =   ----    ----
   XDATA SIZE       =   ----    ----
   PDATA SIZE       =   ----    ----
   DATA SIZE        =      8      12
   IDATA SIZE       =   ----    ----
   BIT SIZE         =   ----    ----
END OF MODULE INFORMATION.


C51 COMPILATION COMPLETE.  0 WARNING(S),  0 ERROR(S)
