C51 COMPILER V9.56.0.0   MAIN                                                              10/05/2017 14:45:47 PAGE 1   


C51 COMPILER V9.56.0.0, COMPILATION OF MODULE MAIN
OBJECT MODULE PLACED IN main.OBJ
COMPILER INVOKED BY: C:\Keil_v5\C51\BIN\C51.EXE main.c OPTIMIZE(8,SPEED) BROWSE DEBUG OBJECTEXTEND TABS(2)

line level    source

   1          #include "ADC_register.h"
   2          
   3          float voltage=0;
   4          unsigned char tstr[5];
   5          float old_voltage=0;
   6          
   7          void adc_int() interrupt 5
   8          {
   9   1        unsigned char i=0;
  10   1        ADC_CONTR &=~0x20;
  11   1        voltage=get_voltage_value();
  12   1        sprintf(tstr,"%1.4f",voltage);
  13   1        if(voltage!=old_voltage)
  14   1        {
  15   2          old_voltage=voltage;
  16   2          SendData('\r');
  17   2          SendData('\n');
  18   2           for(i=0;i<5;i++)
  19   2             SendData(tstr[i]);
  20   2        }
  21   1        adc_start();
  22   1      }
  23          
  24          void main()
  25          {
  26   1        set_P1_drive_mode(0x00,0x01);
  27   1        set_timer_2_ini_value(65536);
  28   1        clear_adc_result();
  29   1        set_uart_mode();
  30   1        set_adc_result_format(1);
  31   1        set_adc_conv_speed(0xf);
  32   1        EN_ADC_INT;
  33   1        EN_GOL_INT;
  34   1        adc_power_on();
  35   1        delay();
  36   1        set_adc_channel(1);
  37   1        adc_start();
  38   1        while(1);
  39   1      }


MODULE INFORMATION:   STATIC OVERLAYABLE
   CODE SIZE        =    216    ----
   CONSTANT SIZE    =      6    ----
   XDATA SIZE       =   ----    ----
   PDATA SIZE       =   ----    ----
   DATA SIZE        =     13       1
   IDATA SIZE       =   ----    ----
   BIT SIZE         =   ----    ----
END OF MODULE INFORMATION.


C51 COMPILATION COMPLETE.  0 WARNING(S),  0 ERROR(S)
