C51 COMPILER V9.56.0.0   MAIN                                                              09/11/2017 16:32:50 PAGE 1   


C51 COMPILER V9.56.0.0, COMPILATION OF MODULE MAIN
OBJECT MODULE PLACED IN main.OBJ
COMPILER INVOKED BY: C:\Keil_v5\C51\BIN\C51.EXE main.c OPTIMIZE(8,SPEED) BROWSE DEBUG OBJECTEXTEND TABS(2)

line level    source

   1          #include "reg51.h"
   2          sfr  WDT_CONTR=0xc1;
   3          sfr  P6=0xe8;
   4          
   5          void main()
   6          {
   7   1        long unsigned int j;
   8   1        char c=0x10;
   9   1          P6=0x00;
  10   1          for(j=0;j<99999;j++);
  11   1          P6=0xFF;
  12   1          while(1)
  13   1            WDT_CONTR|=c;
  14   1      }


MODULE INFORMATION:   STATIC OVERLAYABLE
   CODE SIZE        =     68    ----
   CONSTANT SIZE    =   ----    ----
   XDATA SIZE       =   ----    ----
   PDATA SIZE       =   ----    ----
   DATA SIZE        =   ----       5
   IDATA SIZE       =   ----    ----
   BIT SIZE         =   ----    ----
END OF MODULE INFORMATION.


C51 COMPILATION COMPLETE.  0 WARNING(S),  0 ERROR(S)
