C51 COMPILER V9.56.0.0   I2C                                                               09/17/2017 13:25:41 PAGE 1   


C51 COMPILER V9.56.0.0, COMPILATION OF MODULE I2C
OBJECT MODULE PLACED IN .\Objects\i2c.obj
COMPILER INVOKED BY: C:\Keil_v5\C51\BIN\C51.EXE i2c.c OPTIMIZE(8,SPEED) BROWSE DEBUG OBJECTEXTEND PRINT(.\Listings\i2c.l
                    -st) TABS(2) OBJECT(.\Objects\i2c.obj)

line level    source

   1          #include "i2c.h"
   2          
   3          extern bit busy;
   4          void ini_timer0(void)
   5          {
   6   1        TL0=TIMS;
   7   1        TH0=TIMS>>8;
   8   1        AUXR&=0x3F;
   9   1        TMOD=0x00;
  10   1        TR0=1;
  11   1        ET0=1;
  12   1      }
  13          
  14          void ini_i2c(void)
  15          {
  16   1        P_SW2=0x80;
  17   1        I2CCFG=0xc8;
  18   1        I2CMSST=0x00;
  19   1        I2CMSCR=0x80;
  20   1        EA=1;
  21   1      }
  22          
  23          void Start(void)
  24          {
  25   1        busy=1;
  26   1        I2CMSCR=0x81;
  27   1        while(busy);
  28   1        
  29   1      }
  30          
  31          void SendData(char dat)
  32          {
  33   1        I2CTXD=dat;
  34   1        busy=1;
  35   1        I2CMSCR=0x82;
  36   1        while(busy);
  37   1      }
  38          
  39          void RecvACK(void)
  40          {
  41   1        busy=1;
  42   1        I2CMSCR=0x83;
  43   1        while(busy);
  44   1      }
  45          
  46          /* char RecvData(void)
  47          {
  48            busy=1;
  49            I2CMSCR=0x84;
  50            while(busy);
  51            return I2CRXD;
  52          }
  53          
  54          void SendACK(void)
C51 COMPILER V9.56.0.0   I2C                                                               09/17/2017 13:25:41 PAGE 2   

  55          {
  56            I2CMSST=0x00;
  57            busy=1;
  58            I2CMSCR=0x85;
  59            while(busy);
  60          }
  61          
  62          void SendNAK(void)
  63          {
  64            I2CMSST=0x01;
  65            busy=1;
  66            I2CMSCR=0x85;
  67            while(busy);
  68          } 
  69          */
  70           void Delay(void)
  71          {
  72   1        long int i;
  73   1        for(i=0;i<300;i++)
  74   1        {
  75   2          _nop_();
  76   2          _nop_();
  77   2          _nop_();
  78   2          _nop_();
  79   2        }
  80   1      }
  81          
  82          void Stop(void)
  83          {
  84   1        busy=1;
  85   1        I2CMSCR=0x86;
  86   1        while(busy);
  87   1      }
  88          
  89          void slv_addr(void)
  90          {
  91   1        Start();
  92   1        SendData(0x40);
  93   1        RecvACK();
  94   1      }
  95          
  96          void slv_cmd(char cmd)
  97          {
  98   1        SendData(cmd);
  99   1        RecvACK();
 100   1      }
 101          void slv_dat(char dat)
 102          {
 103   1        SendData(dat);
 104   1        RecvACK();
 105   1      }
 106          
 107          void config_port(char cmd,char dat1,char dat2)
 108          {
 109   1      
 110   1        slv_addr();
 111   1        slv_cmd(cmd);
 112   1        slv_dat(dat1);
 113   1        slv_dat(dat2);
 114   1        Stop();
 115   1      }
 116          void write_port(char cmd,char dat1,char dat2)
C51 COMPILER V9.56.0.0   I2C                                                               09/17/2017 13:25:41 PAGE 3   

 117          {
 118   1      
 119   1        slv_addr();
 120   1        slv_cmd(cmd);
 121   1        slv_dat(dat1);
 122   1        slv_dat(dat2);
 123   1        Stop();
 124   1      }


MODULE INFORMATION:   STATIC OVERLAYABLE
   CODE SIZE        =    207    ----
   CONSTANT SIZE    =   ----    ----
   XDATA SIZE       =   ----    ----
   PDATA SIZE       =   ----    ----
   DATA SIZE        =   ----       4
   IDATA SIZE       =   ----    ----
   BIT SIZE         =   ----    ----
END OF MODULE INFORMATION.


C51 COMPILATION COMPLETE.  0 WARNING(S),  0 ERROR(S)
