C51 COMPILER V9.56.0.0   MAIN                                                              09/17/2017 13:25:41 PAGE 1   


C51 COMPILER V9.56.0.0, COMPILATION OF MODULE MAIN
OBJECT MODULE PLACED IN .\Objects\main.obj
COMPILER INVOKED BY: C:\Keil_v5\C51\BIN\C51.EXE main.c OPTIMIZE(8,SPEED) BROWSE DEBUG OBJECTEXTEND PRINT(.\Listings\main
                    -.lst) TABS(2) OBJECT(.\Objects\main.obj)

line level    source

   1          #include "i2c.h"
   2          xdata unsigned char  seg[16]={0x3f,0x06,0x5b,0x4f,0x66,0x6d,0x7d,0x07,0x7f,0x6f,0x77,0x7c,0x39,0x5e,0x79,0
             -x71};
   3          xdata unsigned char  com[8]={0xef,0xdf,0xbf,0x7f,0xfe,0xfd,0xfb,0xf7};
   4          bit busy=0;
   5          char counter=0;
   6          char m=0;
   7          void timer_0() interrupt 1
   8          {
   9   1        counter++;
  10   1        if(counter==5)
  11   1        {
  12   2           m++;
  13   2           counter=0;
  14   2        }
  15   1        if(m==16) m=0;
  16   1      }
  17          void I2C_ISR() interrupt 24 using 0
  18          {
  19   1        _push_(P_SW2);
  20   1        P_SW2|=0x80;
  21   1        if(I2CMSST & 0x40)
  22   1        {
  23   2          I2CMSST &=0xBF;
  24   2          busy=0;
  25   2        }
  26   1        _pop_(P_SW2);
  27   1      }
  28          
  29          void main()
  30          {
  31   1        long int i=0,j=0,k=0;
  32   1        ini_timer0();
  33   1        ini_i2c();
  34   1        
  35   1        config_port(0x06,0x00,0x00);
  36   1        Delay();
  37   1        while(1)
  38   1        {   
  39   2            for(i=0;i<8;i++)
  40   2           {
  41   3             write_port(0x02,com[i],seg[(i+m)%16]);
  42   3             Delay();
  43   3           }
  44   2         }
  45   1        while(1);
  46   1      }


MODULE INFORMATION:   STATIC OVERLAYABLE
   CODE SIZE        =    231    ----
   CONSTANT SIZE    =   ----    ----
   XDATA SIZE       =     24    ----
   PDATA SIZE       =   ----    ----
C51 COMPILER V9.56.0.0   MAIN                                                              09/17/2017 13:25:41 PAGE 2   

   DATA SIZE        =      2      12
   IDATA SIZE       =   ----    ----
   BIT SIZE         =      1    ----
END OF MODULE INFORMATION.


C51 COMPILATION COMPLETE.  0 WARNING(S),  0 ERROR(S)
