C51 COMPILER V9.56.0.0   MAIN                                                              10/06/2017 16:28:25 PAGE 1   


C51 COMPILER V9.56.0.0, COMPILATION OF MODULE MAIN
OBJECT MODULE PLACED IN main.OBJ
COMPILER INVOKED BY: C:\Keil_v5\C51\BIN\C51.EXE main.c OPTIMIZE(8,SPEED) BROWSE DEBUG OBJECTEXTEND TABS(2)

line level    source

   1          #include "ccp.h"
   2          
   3          void PCA_int() interrupt 7 using 1
   4          {
   5   1        CCF0=0;
   6   1        P6=~P6;
   7   1      }
   8          
   9          void main()
  10          {
  11   1        P6=0x00;
  12   1        P_SW1=0x20;
  13   1        CCON=0;
  14   1        CL=0;
  15   1        CH=0;
  16   1        CMOD=0x08;
  17   1        CCAPM0=0x11;
  18   1        CR=1;
  19   1        EA=1;
  20   1        while(1);
  21   1      } 


MODULE INFORMATION:   STATIC OVERLAYABLE
   CODE SIZE        =     30    ----
   CONSTANT SIZE    =   ----    ----
   XDATA SIZE       =   ----    ----
   PDATA SIZE       =   ----    ----
   DATA SIZE        =   ----    ----
   IDATA SIZE       =   ----    ----
   BIT SIZE         =   ----    ----
END OF MODULE INFORMATION.


C51 COMPILATION COMPLETE.  0 WARNING(S),  0 ERROR(S)
