C51 COMPILER V9.56.0.0   PWM_REGISTER                                                      10/03/2017 16:13:25 PAGE 1   


C51 COMPILER V9.56.0.0, COMPILATION OF MODULE PWM_REGISTER
OBJECT MODULE PLACED IN .\Objects\pwm_register.obj
COMPILER INVOKED BY: C:\Keil_v5\C51\BIN\C51.EXE pwm_register.c OPTIMIZE(8,SPEED) BROWSE DEBUG OBJECTEXTEND PRINT(.\Listi
                    -ngs\pwm_register.lst) TABS(2) OBJECT(.\Objects\pwm_register.obj)

line level    source

   1          #include "pwm_register.h"
   2          
   3          void enable_xsfr(void)
   4          {
   5   1        P_SW2 = 0x80;
   6   1      }
   7          
   8          void pwm_clock_speed(unsigned char a)
   9          {
  10   1        PWMCKS |=a; 
  11   1      }
  12          
  13          void set_pwm_period(unsigned int a)
  14          {
  15   1          PWMC = a; 
  16   1      }
  17          
  18          void set_pwm0_T1_T2_point(unsigned int h,unsigned l)
  19          {
  20   1        PWM0T1=h; 
  21   1        PWM0T2=l; 
  22   1      }
  23          
  24          void enable_pwm0(void)
  25          {
  26   1        PWM0CR= 0x80; 
  27   1      } 
  28          
  29          void enable_pwm(void)
  30          {
  31   1        PWMCR= 0x80;  
  32   1      } 
  33          
  34          void disable_xsfr(void)
  35          {
  36   1        P_SW2 = 0x00;
  37   1      }
  38          
  39          


MODULE INFORMATION:   STATIC OVERLAYABLE
   CODE SIZE        =     50    ----
   CONSTANT SIZE    =   ----    ----
   XDATA SIZE       =   ----    ----
   PDATA SIZE       =   ----    ----
   DATA SIZE        =   ----    ----
   IDATA SIZE       =   ----    ----
   BIT SIZE         =   ----    ----
END OF MODULE INFORMATION.


C51 COMPILATION COMPLETE.  0 WARNING(S),  0 ERROR(S)
