C51 COMPILER V9.56.0.0   MAIN                                                              10/06/2017 18:18:30 PAGE 1   


C51 COMPILER V9.56.0.0, COMPILATION OF MODULE MAIN
OBJECT MODULE PLACED IN main.OBJ
COMPILER INVOKED BY: C:\Keil_v5\C51\BIN\C51.EXE main.c OPTIMIZE(8,SPEED) BROWSE DEBUG OBJECTEXTEND TABS(2)

line level    source

   1          #include "ccp.h"
   2          
   3          unsigned char i=0;
   4          void PCA_int() interrupt 7
   5          {
   6   1        CF=0;
   7   1        CCAP0H=i;
   8   1        CCAP0L=i;
   9   1        if(i<255) i++;
  10   1        else i=0;   
  11   1      
  12   1      }
  13          void main()
  14          {
  15   1        P_SW1=0x20;
  16   1        CCON=0;
  17   1        CL=0;
  18   1        CH=0;
  19   1        CMOD=0x03;
  20   1        PCA_PWM0=0x00;
  21   1        CCAP0L=0x10;
  22   1        CCAP0H=0x10;
  23   1        CCAPM0=0x42;
  24   1        CR=1;
  25   1        EA=1;
  26   1        while(1);
  27   1      }


MODULE INFORMATION:   STATIC OVERLAYABLE
   CODE SIZE        =     61    ----
   CONSTANT SIZE    =   ----    ----
   XDATA SIZE       =   ----    ----
   PDATA SIZE       =   ----    ----
   DATA SIZE        =      1    ----
   IDATA SIZE       =   ----    ----
   BIT SIZE         =   ----    ----
END OF MODULE INFORMATION.


C51 COMPILATION COMPLETE.  0 WARNING(S),  0 ERROR(S)
