C51 COMPILER V9.56.0.0   MAIN                                                              09/25/2017 21:53:34 PAGE 1   


C51 COMPILER V9.56.0.0, COMPILATION OF MODULE MAIN
OBJECT MODULE PLACED IN main.OBJ
COMPILER INVOKED BY: C:\Keil_v5\C51\BIN\C51.EXE main.c OPTIMIZE(8,SPEED) BROWSE DEBUG OBJECTEXTEND TABS(2)

line level    source

   1          #include "reg51.h"
   2          
   3          sfr CMPCR1  =0xE6;
   4          sfr CMPCR2  =0xE7;
   5          sfr P6=0xE8;
   6          
   7          #define CMPEN  0x80
   8          #define CMPIF  0x40
   9          #define PIE    0x20
  10          #define NIE    0x10
  11          #define PIS    0x08
  12          #define NIS    0x04
  13          #define CMPOE  0x02
  14          #define CMPRES 0x01
  15          
  16          #define INVCMPO 0x80
  17          #define DISFLT  0x00
  18          #define LCDTY   0x3F
  19          
  20          void cmp_int() interrupt 21
  21          {
  22   1        unsigned int i=0;
  23   1        P6=~P6;
  24   1        CMPCR1 &=~CMPIF;
  25   1      }
  26            
  27          void main()
  28          {
  29   1        unsigned int j=0;
  30   1        P6=0;
  31   1        CMPCR1=0;
  32   1        CMPCR2=0;
  33   1      //  CMPCR1=0xb6;
  34   1          CMPCR1&=~PIS;
  35   1          CMPCR1|=NIS;
  36   1          CMPCR1|=CMPOE;
  37   1        //CMPCR2&=~INVCMPO;
  38   1        //CMPCR2&=~DISFLT;
  39   1        //CMPCR2&=~LCDTY;
  40   1        //CMPCR2|=(DISFLT & 0x10);
  41   1          CMPCR1|=PIE;
  42   1          CMPCR1|=CMPEN;
  43   1        EA=1;
  44   1        while(1)
  45   1        {
  46   2          if((CMPCR1 & 0x01)==0)
  47   2          {
  48   3             for(j=0;j<30000;j++);
  49   3             P6=~P6;
  50   3          }
  51   2          else
  52   2            P6=0xFF;
  53   2        }
  54   1      }

C51 COMPILER V9.56.0.0   MAIN                                                              09/25/2017 21:53:34 PAGE 2   


MODULE INFORMATION:   STATIC OVERLAYABLE
   CODE SIZE        =     68    ----
   CONSTANT SIZE    =   ----    ----
   XDATA SIZE       =   ----    ----
   PDATA SIZE       =   ----    ----
   DATA SIZE        =   ----       2
   IDATA SIZE       =   ----    ----
   BIT SIZE         =   ----    ----
END OF MODULE INFORMATION.


C51 COMPILATION COMPLETE.  0 WARNING(S),  0 ERROR(S)
